t 50
0
a 1047 2330 1293 161 303 1126 541 1106 5008 3088 1469 221 5672 5671 5670 5669 211 4723 1684 1376 110 687 266 86 131 1168 1379 2806 2805 684 685 4455 4468 123 5138 0 5137 1517 4700 404 160 831 280 1932 1929 179 8785 69 43 1995 
1
a 1047 2330 1293 161 303 1126 541 1106 5008 3088 1469 221 5672 5671 5670 5669 211 4723 1684 1376 110 687 266 86 131 1168 1379 2806 2805 684 685 4455 4468 123 5138 0 5137 1517 4700 404 160 831 280 1932 1929 179 8785 915 43 1995 
2
a 1047 2330 1293 161 303 1126 541 1106 5008 3088 1469 221 5672 5671 5670 5669 211 4723 1684 1376 110 687 266 937 131 1168 1379 2806 2805 684 685 4455 4468 123 5138 0 5137 1517 4700 404 160 831 280 1932 1929 179 8785 69 43 1995 
3
a 1047 2330 1293 161 303 1126 541 1106 5008 3088 1469 221 5672 5671 5670 5669 211 4723 1684 1376 110 687 266 937 131 1168 1379 2806 2805 684 685 4455 4468 123 5138 0 5137 1517 4700 404 160 831 280 1932 1929 179 8785 915 43 1995 
4
a 1047 2330 1293 161 303 1126 541 1106 5008 3088 1469 221 5672 5671 5670 5669 211 4723 1684 1376 110 687 266 2599 131 1168 1379 2806 2805 684 685 4455 4468 123 5138 0 5137 1517 4700 404 160 831 280 1932 1929 179 8785 69 43 1995 
5
a 1047 2330 1293 161 303 1126 541 1106 5008 3088 1469 221 5672 5671 5670 5669 211 4723 1684 1376 110 687 266 2599 131 1168 1379 2806 2805 684 685 4455 4468 123 5138 0 5137 1517 4700 404 160 831 280 1932 1929 179 8785 915 43 1995 
6
a 30 4107 4106 161 303 1126 541 1106 5008 3088 1469 221 5672 5671 5670 5669 211 4723 1684 1376 110 687 266 86 131 1168 1379 2806 2805 684 685 4455 4468 123 5138 0 5137 1517 4700 404 160 831 280 1932 1929 179 8785 69 43 1995 
7
a 30 4107 4106 161 303 1126 541 1106 5008 3088 1469 221 5672 5671 5670 5669 211 4723 1684 1376 110 687 266 86 131 1168 1379 2806 2805 684 685 4455 4468 123 5138 0 5137 1517 4700 404 160 831 280 1932 1929 179 8785 915 43 1995 
8
a 30 4107 4106 161 303 1126 541 1106 5008 3088 1469 221 5672 5671 5670 5669 211 4723 1684 1376 110 687 266 937 131 1168 1379 2806 2805 684 685 4455 4468 123 5138 0 5137 1517 4700 404 160 831 280 1932 1929 179 8785 69 43 1995 
9
a 30 4107 4106 161 303 1126 541 1106 5008 3088 1469 221 5672 5671 5670 5669 211 4723 1684 1376 110 687 266 937 131 1168 1379 2806 2805 684 685 4455 4468 123 5138 0 5137 1517 4700 404 160 831 280 1932 1929 179 8785 915 43 1995 
10
a 30 4107 4106 161 303 1126 541 1106 5008 3088 1469 221 5672 5671 5670 5669 211 4723 1684 1376 110 687 266 2599 131 1168 1379 2806 2805 684 685 4455 4468 123 5138 0 5137 1517 4700 404 160 831 280 1932 1929 179 8785 69 43 1995 
11
a 30 4107 4106 161 303 1126 541 1106 5008 3088 1469 221 5672 5671 5670 5669 211 4723 1684 1376 110 687 266 2599 131 1168 1379 2806 2805 684 685 4455 4468 123 5138 0 5137 1517 4700 404 160 831 280 1932 1929 179 8785 915 43 1995 
12
a 1047 2330 1293 161 303 1126 541 1106 5008 3088 1469 221 5672 5671 5670 5669 211 4723 1684 1376 110 687 266 86 131 1168 1379 2806 2805 684 685 4455 4468 123 5138 0 5137 1517 4700 404 160 831 5508 1932 1929 179 8785 69 43 1995 
13
a 1047 2330 1293 161 303 1126 541 1106 5008 3088 1469 221 5672 5671 5670 5669 211 4723 1684 1376 110 687 266 86 131 1168 1379 2806 2805 684 685 4455 4468 123 5138 0 5137 1517 4700 404 160 831 5508 1932 1929 179 8785 915 43 1995 
14
a 1047 2330 1293 161 303 1126 541 1106 5008 3088 1469 221 5672 5671 5670 5669 211 4723 1684 1376 110 687 266 937 131 1168 1379 2806 2805 684 685 4455 4468 123 5138 0 5137 1517 4700 404 160 831 5508 1932 1929 179 8785 69 43 1995 
15
a 1047 2330 1293 161 303 1126 541 1106 5008 3088 1469 221 5672 5671 5670 5669 211 4723 1684 1376 110 687 266 937 131 1168 1379 2806 2805 684 685 4455 4468 123 5138 0 5137 1517 4700 404 160 831 5508 1932 1929 179 8785 915 43 1995 
16
a 1047 2330 1293 161 303 1126 541 1106 5008 3088 1469 221 5672 5671 5670 5669 211 4723 1684 1376 110 687 266 2599 131 1168 1379 2806 2805 684 685 4455 4468 123 5138 0 5137 1517 4700 404 160 831 5508 1932 1929 179 8785 69 43 1995 
17
a 1047 2330 1293 161 303 1126 541 1106 5008 3088 1469 221 5672 5671 5670 5669 211 4723 1684 1376 110 687 266 2599 131 1168 1379 2806 2805 684 685 4455 4468 123 5138 0 5137 1517 4700 404 160 831 5508 1932 1929 179 8785 915 43 1995 
18
a 280 4107 4106 161 303 1126 541 1106 5008 3088 1469 221 5672 5671 5670 5669 211 4723 1684 1376 110 687 266 86 131 1168 1379 2806 2805 684 685 4455 4468 123 5138 0 5137 1517 4700 404 160 831 5508 1932 1929 179 8785 69 43 1995 
19
a 280 4107 4106 161 303 1126 541 1106 5008 3088 1469 221 5672 5671 5670 5669 211 4723 1684 1376 110 687 266 86 131 1168 1379 2806 2805 684 685 4455 4468 123 5138 0 5137 1517 4700 404 160 831 5508 1932 1929 179 8785 915 43 1995 
20
a 280 4107 4106 161 303 1126 541 1106 5008 3088 1469 221 5672 5671 5670 5669 211 4723 1684 1376 110 687 266 937 131 1168 1379 2806 2805 684 685 4455 4468 123 5138 0 5137 1517 4700 404 160 831 5508 1932 1929 179 8785 69 43 1995 
21
a 280 4107 4106 161 303 1126 541 1106 5008 3088 1469 221 5672 5671 5670 5669 211 4723 1684 1376 110 687 266 937 131 1168 1379 2806 2805 684 685 4455 4468 123 5138 0 5137 1517 4700 404 160 831 5508 1932 1929 179 8785 915 43 1995 
22
a 280 4107 4106 161 303 1126 541 1106 5008 3088 1469 221 5672 5671 5670 5669 211 4723 1684 1376 110 687 266 2599 131 1168 1379 2806 2805 684 685 4455 4468 123 5138 0 5137 1517 4700 404 160 831 5508 1932 1929 179 8785 69 43 1995 
23
a 280 4107 4106 161 303 1126 541 1106 5008 3088 1469 221 5672 5671 5670 5669 211 4723 1684 1376 110 687 266 2599 131 1168 1379 2806 2805 684 685 4455 4468 123 5138 0 5137 1517 4700 404 160 831 5508 1932 1929 179 8785 915 43 1995 
24
a 1047 2330 1293 161 303 1126 541 1106 5008 3088 1469 221 5672 5671 5670 5669 211 4723 1684 1376 110 687 111 730 131 1168 1379 2806 2805 684 685 4455 4468 123 5138 0 5137 1517 4700 404 160 831 280 1932 1929 179 8785 69 43 1995 
25
a 1047 2330 1293 161 303 1126 541 1106 5008 3088 1469 221 5672 5671 5670 5669 211 4723 1684 1376 110 687 111 730 131 1168 1379 2806 2805 684 685 4455 4468 123 5138 0 5137 1517 4700 404 160 831 280 1932 1929 179 8785 915 43 1995 
26
a 1047 2330 1293 161 303 1126 541 1106 5008 3088 1469 221 5672 5671 5670 5669 211 4723 1684 1376 110 687 111 2599 131 1168 1379 2806 2805 684 685 4455 4468 123 5138 0 5137 1517 4700 404 160 831 280 1932 1929 179 8785 69 43 1995 
27
a 1047 2330 1293 161 303 1126 541 1106 5008 3088 1469 221 5672 5671 5670 5669 211 4723 1684 1376 110 687 111 2599 131 1168 1379 2806 2805 684 685 4455 4468 123 5138 0 5137 1517 4700 404 160 831 280 1932 1929 179 8785 915 43 1995 
28
a 30 4107 4106 161 303 1126 541 1106 5008 3088 1469 221 5672 5671 5670 5669 211 4723 1684 1376 110 687 111 730 131 1168 1379 2806 2805 684 685 4455 4468 123 5138 0 5137 1517 4700 404 160 831 280 1932 1929 179 8785 69 43 1995 
29
a 30 4107 4106 161 303 1126 541 1106 5008 3088 1469 221 5672 5671 5670 5669 211 4723 1684 1376 110 687 111 730 131 1168 1379 2806 2805 684 685 4455 4468 123 5138 0 5137 1517 4700 404 160 831 280 1932 1929 179 8785 915 43 1995 
30
a 30 4107 4106 161 303 1126 541 1106 5008 3088 1469 221 5672 5671 5670 5669 211 4723 1684 1376 110 687 111 2599 131 1168 1379 2806 2805 684 685 4455 4468 123 5138 0 5137 1517 4700 404 160 831 280 1932 1929 179 8785 69 43 1995 
31
a 30 4107 4106 161 303 1126 541 1106 5008 3088 1469 221 5672 5671 5670 5669 211 4723 1684 1376 110 687 111 2599 131 1168 1379 2806 2805 684 685 4455 4468 123 5138 0 5137 1517 4700 404 160 831 280 1932 1929 179 8785 915 43 1995 
32
a 1047 2330 1293 161 303 1126 541 1106 5008 3088 1469 221 5672 5671 5670 5669 211 4723 1684 1376 110 687 111 730 131 1168 1379 2806 2805 684 685 4455 4468 123 5138 0 5137 1517 4700 404 160 831 5508 1932 1929 179 8785 69 43 1995 
33
a 1047 2330 1293 161 303 1126 541 1106 5008 3088 1469 221 5672 5671 5670 5669 211 4723 1684 1376 110 687 111 730 131 1168 1379 2806 2805 684 685 4455 4468 123 5138 0 5137 1517 4700 404 160 831 5508 1932 1929 179 8785 915 43 1995 
34
a 1047 2330 1293 161 303 1126 541 1106 5008 3088 1469 221 5672 5671 5670 5669 211 4723 1684 1376 110 687 111 2599 131 1168 1379 2806 2805 684 685 4455 4468 123 5138 0 5137 1517 4700 404 160 831 5508 1932 1929 179 8785 69 43 1995 
35
a 1047 2330 1293 161 303 1126 541 1106 5008 3088 1469 221 5672 5671 5670 5669 211 4723 1684 1376 110 687 111 2599 131 1168 1379 2806 2805 684 685 4455 4468 123 5138 0 5137 1517 4700 404 160 831 5508 1932 1929 179 8785 915 43 1995 
36
a 280 4107 4106 161 303 1126 541 1106 5008 3088 1469 221 5672 5671 5670 5669 211 4723 1684 1376 110 687 111 730 131 1168 1379 2806 2805 684 685 4455 4468 123 5138 0 5137 1517 4700 404 160 831 5508 1932 1929 179 8785 69 43 1995 
37
a 280 4107 4106 161 303 1126 541 1106 5008 3088 1469 221 5672 5671 5670 5669 211 4723 1684 1376 110 687 111 730 131 1168 1379 2806 2805 684 685 4455 4468 123 5138 0 5137 1517 4700 404 160 831 5508 1932 1929 179 8785 915 43 1995 
38
a 280 4107 4106 161 303 1126 541 1106 5008 3088 1469 221 5672 5671 5670 5669 211 4723 1684 1376 110 687 111 2599 131 1168 1379 2806 2805 684 685 4455 4468 123 5138 0 5137 1517 4700 404 160 831 5508 1932 1929 179 8785 69 43 1995 
39
a 280 4107 4106 161 303 1126 541 1106 5008 3088 1469 221 5672 5671 5670 5669 211 4723 1684 1376 110 687 111 2599 131 1168 1379 2806 2805 684 685 4455 4468 123 5138 0 5137 1517 4700 404 160 831 5508 1932 1929 179 8785 915 43 1995 
40
a 30 4107 4106 1468 303 1126 541 1106 5008 3088 1469 221 5672 5671 5670 5669 211 4723 1684 1376 110 687 266 86 131 1168 1379 2806 2805 684 685 4455 4468 123 5138 0 5137 1517 4700 404 160 831 280 1932 1929 179 8785 69 43 1995 
41
a 30 4107 4106 1468 303 1126 541 1106 5008 3088 1469 221 5672 5671 5670 5669 211 4723 1684 1376 110 687 266 86 131 1168 1379 2806 2805 684 685 4455 4468 123 5138 0 5137 1517 4700 404 160 831 280 1932 1929 179 8785 915 43 1995 
42
a 30 4107 4106 1468 303 1126 541 1106 5008 3088 1469 221 5672 5671 5670 5669 211 4723 1684 1376 110 687 266 937 131 1168 1379 2806 2805 684 685 4455 4468 123 5138 0 5137 1517 4700 404 160 831 280 1932 1929 179 8785 69 43 1995 
43
a 30 4107 4106 1468 303 1126 541 1106 5008 3088 1469 221 5672 5671 5670 5669 211 4723 1684 1376 110 687 266 937 131 1168 1379 2806 2805 684 685 4455 4468 123 5138 0 5137 1517 4700 404 160 831 280 1932 1929 179 8785 915 43 1995 
44
a 30 4107 4106 1468 303 1126 541 1106 5008 3088 1469 221 5672 5671 5670 5669 211 4723 1684 1376 110 687 266 2599 131 1168 1379 2806 2805 684 685 4455 4468 123 5138 0 5137 1517 4700 404 160 831 280 1932 1929 179 8785 69 43 1995 
45
a 30 4107 4106 1468 303 1126 541 1106 5008 3088 1469 221 5672 5671 5670 5669 211 4723 1684 1376 110 687 266 2599 131 1168 1379 2806 2805 684 685 4455 4468 123 5138 0 5137 1517 4700 404 160 831 280 1932 1929 179 8785 915 43 1995 
46
a 280 4107 4106 1468 303 1126 541 1106 5008 3088 1469 221 5672 5671 5670 5669 211 4723 1684 1376 110 687 266 86 131 1168 1379 2806 2805 684 685 4455 4468 123 5138 0 5137 1517 4700 404 160 831 5508 1932 1929 179 8785 69 43 1995 
47
a 280 4107 4106 1468 303 1126 541 1106 5008 3088 1469 221 5672 5671 5670 5669 211 4723 1684 1376 110 687 266 86 131 1168 1379 2806 2805 684 685 4455 4468 123 5138 0 5137 1517 4700 404 160 831 5508 1932 1929 179 8785 915 43 1995 
48
a 280 4107 4106 1468 303 1126 541 1106 5008 3088 1469 221 5672 5671 5670 5669 211 4723 1684 1376 110 687 266 937 131 1168 1379 2806 2805 684 685 4455 4468 123 5138 0 5137 1517 4700 404 160 831 5508 1932 1929 179 8785 69 43 1995 
49
a 280 4107 4106 1468 303 1126 541 1106 5008 3088 1469 221 5672 5671 5670 5669 211 4723 1684 1376 110 687 266 937 131 1168 1379 2806 2805 684 685 4455 4468 123 5138 0 5137 1517 4700 404 160 831 5508 1932 1929 179 8785 915 43 1995 
50
a 280 4107 4106 1468 303 1126 541 1106 5008 3088 1469 221 5672 5671 5670 5669 211 4723 1684 1376 110 687 266 2599 131 1168 1379 2806 2805 684 685 4455 4468 123 5138 0 5137 1517 4700 404 160 831 5508 1932 1929 179 8785 69 43 1995 
51
a 280 4107 4106 1468 303 1126 541 1106 5008 3088 1469 221 5672 5671 5670 5669 211 4723 1684 1376 110 687 266 2599 131 1168 1379 2806 2805 684 685 4455 4468 123 5138 0 5137 1517 4700 404 160 831 5508 1932 1929 179 8785 915 43 1995 
52
a 30 4107 4106 1468 303 1126 541 1106 5008 3088 1469 221 5672 5671 5670 5669 211 4723 1684 1376 110 687 111 730 131 1168 1379 2806 2805 684 685 4455 4468 123 5138 0 5137 1517 4700 404 160 831 280 1932 1929 179 8785 69 43 1995 
53
a 30 4107 4106 1468 303 1126 541 1106 5008 3088 1469 221 5672 5671 5670 5669 211 4723 1684 1376 110 687 111 730 131 1168 1379 2806 2805 684 685 4455 4468 123 5138 0 5137 1517 4700 404 160 831 280 1932 1929 179 8785 915 43 1995 
54
a 30 4107 4106 1468 303 1126 541 1106 5008 3088 1469 221 5672 5671 5670 5669 211 4723 1684 1376 110 687 111 2599 131 1168 1379 2806 2805 684 685 4455 4468 123 5138 0 5137 1517 4700 404 160 831 280 1932 1929 179 8785 69 43 1995 
55
a 30 4107 4106 1468 303 1126 541 1106 5008 3088 1469 221 5672 5671 5670 5669 211 4723 1684 1376 110 687 111 2599 131 1168 1379 2806 2805 684 685 4455 4468 123 5138 0 5137 1517 4700 404 160 831 280 1932 1929 179 8785 915 43 1995 
56
a 280 4107 4106 1468 303 1126 541 1106 5008 3088 1469 221 5672 5671 5670 5669 211 4723 1684 1376 110 687 111 730 131 1168 1379 2806 2805 684 685 4455 4468 123 5138 0 5137 1517 4700 404 160 831 5508 1932 1929 179 8785 69 43 1995 
57
a 280 4107 4106 1468 303 1126 541 1106 5008 3088 1469 221 5672 5671 5670 5669 211 4723 1684 1376 110 687 111 730 131 1168 1379 2806 2805 684 685 4455 4468 123 5138 0 5137 1517 4700 404 160 831 5508 1932 1929 179 8785 915 43 1995 
58
a 280 4107 4106 1468 303 1126 541 1106 5008 3088 1469 221 5672 5671 5670 5669 211 4723 1684 1376 110 687 111 2599 131 1168 1379 2806 2805 684 685 4455 4468 123 5138 0 5137 1517 4700 404 160 831 5508 1932 1929 179 8785 69 43 1995 
59
a 280 4107 4106 1468 303 1126 541 1106 5008 3088 1469 221 5672 5671 5670 5669 211 4723 1684 1376 110 687 111 2599 131 1168 1379 2806 2805 684 685 4455 4468 123 5138 0 5137 1517 4700 404 160 831 5508 1932 1929 179 8785 915 43 1995 
