t 50
0
a 1047 2330 1293 161 303 1126 541 1106 5008 3088 1469 221 5672 5671 5670 5669 211 4723 1684 1376 110 687 266 86 131 1168 1379 2806 2805 684 685 4455 4468 123 5138 0 5137 1517 4700 404 160 831 280 1932 1929 179 8785 69 43 1995 
1
a 30 4107 4106 161 303 1126 541 1106 5008 3088 1469 221 5672 5671 5670 5669 211 4723 1684 1376 110 687 266 86 131 1168 1379 2806 2805 684 685 4455 4468 123 5138 0 5137 1517 4700 404 160 831 280 1932 1929 179 8785 69 43 1995 
2
a 1047 2330 1293 161 303 1126 541 1106 5008 3088 1469 221 5672 5671 5670 5669 211 4723 1684 1376 110 687 266 86 131 1168 1379 2806 2805 684 685 4455 4468 123 5138 0 5137 1517 4700 404 160 831 280 1932 1929 179 8785 915 43 1995 
3
a 30 4107 4106 161 303 1126 541 1106 5008 3088 1469 221 5672 5671 5670 5669 211 4723 1684 1376 110 687 266 86 131 1168 1379 2806 2805 684 685 4455 4468 123 5138 0 5137 1517 4700 404 160 831 280 1932 1929 179 8785 915 43 1995 
4
a 1047 2330 1293 161 303 1126 541 1106 5008 3088 1469 221 5672 5671 5670 5669 211 4723 1684 1376 110 687 266 86 131 1168 1379 2806 2805 684 685 4455 4468 123 5138 0 5137 1517 4700 404 160 831 5508 1932 1929 179 8785 69 43 1995 
5
a 280 4107 4106 161 303 1126 541 1106 5008 3088 1469 221 5672 5671 5670 5669 211 4723 1684 1376 110 687 266 86 131 1168 1379 2806 2805 684 685 4455 4468 123 5138 0 5137 1517 4700 404 160 831 5508 1932 1929 179 8785 69 43 1995 
6
a 1047 2330 1293 161 303 1126 541 1106 5008 3088 1469 221 5672 5671 5670 5669 211 4723 1684 1376 110 687 266 86 131 1168 1379 2806 2805 684 685 4455 4468 123 5138 0 5137 1517 4700 404 160 831 5508 1932 1929 179 8785 915 43 1995 
7
a 280 4107 4106 161 303 1126 541 1106 5008 3088 1469 221 5672 5671 5670 5669 211 4723 1684 1376 110 687 266 86 131 1168 1379 2806 2805 684 685 4455 4468 123 5138 0 5137 1517 4700 404 160 831 5508 1932 1929 179 8785 915 43 1995 
8
a 1047 2330 1293 161 303 1126 541 1106 5008 3088 1469 221 5672 5671 5670 5669 211 4723 1684 1376 110 687 266 2599 131 1168 1379 2806 2805 684 685 4455 4468 123 5138 0 5137 1517 4700 404 160 831 280 1932 1929 179 8785 69 43 1995 
9
a 30 4107 4106 161 303 1126 541 1106 5008 3088 1469 221 5672 5671 5670 5669 211 4723 1684 1376 110 687 266 2599 131 1168 1379 2806 2805 684 685 4455 4468 123 5138 0 5137 1517 4700 404 160 831 280 1932 1929 179 8785 69 43 1995 
10
a 1047 2330 1293 161 303 1126 541 1106 5008 3088 1469 221 5672 5671 5670 5669 211 4723 1684 1376 110 687 266 2599 131 1168 1379 2806 2805 684 685 4455 4468 123 5138 0 5137 1517 4700 404 160 831 280 1932 1929 179 8785 915 43 1995 
11
a 30 4107 4106 161 303 1126 541 1106 5008 3088 1469 221 5672 5671 5670 5669 211 4723 1684 1376 110 687 266 2599 131 1168 1379 2806 2805 684 685 4455 4468 123 5138 0 5137 1517 4700 404 160 831 280 1932 1929 179 8785 915 43 1995 
12
a 1047 2330 1293 161 303 1126 541 1106 5008 3088 1469 221 5672 5671 5670 5669 211 4723 1684 1376 110 687 266 2599 131 1168 1379 2806 2805 684 685 4455 4468 123 5138 0 5137 1517 4700 404 160 831 5508 1932 1929 179 8785 69 43 1995 
13
a 280 4107 4106 161 303 1126 541 1106 5008 3088 1469 221 5672 5671 5670 5669 211 4723 1684 1376 110 687 266 2599 131 1168 1379 2806 2805 684 685 4455 4468 123 5138 0 5137 1517 4700 404 160 831 5508 1932 1929 179 8785 69 43 1995 
14
a 1047 2330 1293 161 303 1126 541 1106 5008 3088 1469 221 5672 5671 5670 5669 211 4723 1684 1376 110 687 266 2599 131 1168 1379 2806 2805 684 685 4455 4468 123 5138 0 5137 1517 4700 404 160 831 5508 1932 1929 179 8785 915 43 1995 
15
a 280 4107 4106 161 303 1126 541 1106 5008 3088 1469 221 5672 5671 5670 5669 211 4723 1684 1376 110 687 266 2599 131 1168 1379 2806 2805 684 685 4455 4468 123 5138 0 5137 1517 4700 404 160 831 5508 1932 1929 179 8785 915 43 1995 
16
a 1047 2330 1293 161 303 1126 541 1106 5008 3088 1469 221 5672 5671 5670 5669 211 4723 1684 1376 110 687 266 2595 131 1168 1379 2806 2805 684 685 4455 4468 123 5138 0 5137 1517 4700 404 160 831 280 1932 1929 179 8785 69 43 1995 
17
a 30 4107 4106 161 303 1126 541 1106 5008 3088 1469 221 5672 5671 5670 5669 211 4723 1684 1376 110 687 266 2595 131 1168 1379 2806 2805 684 685 4455 4468 123 5138 0 5137 1517 4700 404 160 831 280 1932 1929 179 8785 69 43 1995 
18
a 1047 2330 1293 161 303 1126 541 1106 5008 3088 1469 221 5672 5671 5670 5669 211 4723 1684 1376 110 687 266 2595 131 1168 1379 2806 2805 684 685 4455 4468 123 5138 0 5137 1517 4700 404 160 831 280 1932 1929 179 8785 915 43 1995 
19
a 30 4107 4106 161 303 1126 541 1106 5008 3088 1469 221 5672 5671 5670 5669 211 4723 1684 1376 110 687 266 2595 131 1168 1379 2806 2805 684 685 4455 4468 123 5138 0 5137 1517 4700 404 160 831 280 1932 1929 179 8785 915 43 1995 
20
a 1047 2330 1293 161 303 1126 541 1106 5008 3088 1469 221 5672 5671 5670 5669 211 4723 1684 1376 110 687 266 2595 131 1168 1379 2806 2805 684 685 4455 4468 123 5138 0 5137 1517 4700 404 160 831 5508 1932 1929 179 8785 69 43 1995 
21
a 280 4107 4106 161 303 1126 541 1106 5008 3088 1469 221 5672 5671 5670 5669 211 4723 1684 1376 110 687 266 2595 131 1168 1379 2806 2805 684 685 4455 4468 123 5138 0 5137 1517 4700 404 160 831 5508 1932 1929 179 8785 69 43 1995 
22
a 1047 2330 1293 161 303 1126 541 1106 5008 3088 1469 221 5672 5671 5670 5669 211 4723 1684 1376 110 687 266 2595 131 1168 1379 2806 2805 684 685 4455 4468 123 5138 0 5137 1517 4700 404 160 831 5508 1932 1929 179 8785 915 43 1995 
23
a 280 4107 4106 161 303 1126 541 1106 5008 3088 1469 221 5672 5671 5670 5669 211 4723 1684 1376 110 687 266 2595 131 1168 1379 2806 2805 684 685 4455 4468 123 5138 0 5137 1517 4700 404 160 831 5508 1932 1929 179 8785 915 43 1995 
24
a 937 2330 1293 161 303 1126 541 1106 5008 3088 1469 221 5672 5671 5670 5669 211 4723 1684 1376 110 687 266 1047 131 1168 1379 2806 2805 684 685 4455 4468 123 5138 0 5137 1517 4700 404 160 831 280 1932 1929 179 8785 69 43 1995 
25
a 30 4107 4106 161 303 1126 541 1106 5008 3088 1469 221 5672 5671 5670 5669 211 4723 1684 1376 110 687 266 1047 131 1168 1379 2806 2805 684 685 4455 4468 123 5138 0 5137 1517 4700 404 160 831 280 1932 1929 179 8785 69 43 1995 
26
a 937 2330 1293 161 303 1126 541 1106 5008 3088 1469 221 5672 5671 5670 5669 211 4723 1684 1376 110 687 266 1047 131 1168 1379 2806 2805 684 685 4455 4468 123 5138 0 5137 1517 4700 404 160 831 280 1932 1929 179 8785 915 43 1995 
27
a 30 4107 4106 161 303 1126 541 1106 5008 3088 1469 221 5672 5671 5670 5669 211 4723 1684 1376 110 687 266 1047 131 1168 1379 2806 2805 684 685 4455 4468 123 5138 0 5137 1517 4700 404 160 831 280 1932 1929 179 8785 915 43 1995 
28
a 937 2330 1293 161 303 1126 541 1106 5008 3088 1469 221 5672 5671 5670 5669 211 4723 1684 1376 110 687 266 1047 131 1168 1379 2806 2805 684 685 4455 4468 123 5138 0 5137 1517 4700 404 160 831 5508 1932 1929 179 8785 69 43 1995 
29
a 280 4107 4106 161 303 1126 541 1106 5008 3088 1469 221 5672 5671 5670 5669 211 4723 1684 1376 110 687 266 1047 131 1168 1379 2806 2805 684 685 4455 4468 123 5138 0 5137 1517 4700 404 160 831 5508 1932 1929 179 8785 69 43 1995 
30
a 937 2330 1293 161 303 1126 541 1106 5008 3088 1469 221 5672 5671 5670 5669 211 4723 1684 1376 110 687 266 1047 131 1168 1379 2806 2805 684 685 4455 4468 123 5138 0 5137 1517 4700 404 160 831 5508 1932 1929 179 8785 915 43 1995 
31
a 280 4107 4106 161 303 1126 541 1106 5008 3088 1469 221 5672 5671 5670 5669 211 4723 1684 1376 110 687 266 1047 131 1168 1379 2806 2805 684 685 4455 4468 123 5138 0 5137 1517 4700 404 160 831 5508 1932 1929 179 8785 915 43 1995 
32
a 1047 2330 1293 161 303 1126 541 1106 5008 3088 1469 221 5672 5671 5670 5669 211 4723 1684 1376 110 687 266 937 131 1168 1379 2806 2805 684 685 4455 4468 123 5138 0 5137 1517 4700 404 160 831 280 1932 1929 179 8785 69 43 1995 
33
a 30 4107 4106 161 303 1126 541 1106 5008 3088 1469 221 5672 5671 5670 5669 211 4723 1684 1376 110 687 266 937 131 1168 1379 2806 2805 684 685 4455 4468 123 5138 0 5137 1517 4700 404 160 831 280 1932 1929 179 8785 69 43 1995 
34
a 1047 2330 1293 161 303 1126 541 1106 5008 3088 1469 221 5672 5671 5670 5669 211 4723 1684 1376 110 687 266 937 131 1168 1379 2806 2805 684 685 4455 4468 123 5138 0 5137 1517 4700 404 160 831 280 1932 1929 179 8785 915 43 1995 
35
a 30 4107 4106 161 303 1126 541 1106 5008 3088 1469 221 5672 5671 5670 5669 211 4723 1684 1376 110 687 266 937 131 1168 1379 2806 2805 684 685 4455 4468 123 5138 0 5137 1517 4700 404 160 831 280 1932 1929 179 8785 915 43 1995 
36
a 1047 2330 1293 161 303 1126 541 1106 5008 3088 1469 221 5672 5671 5670 5669 211 4723 1684 1376 110 687 266 937 131 1168 1379 2806 2805 684 685 4455 4468 123 5138 0 5137 1517 4700 404 160 831 5508 1932 1929 179 8785 69 43 1995 
37
a 280 4107 4106 161 303 1126 541 1106 5008 3088 1469 221 5672 5671 5670 5669 211 4723 1684 1376 110 687 266 937 131 1168 1379 2806 2805 684 685 4455 4468 123 5138 0 5137 1517 4700 404 160 831 5508 1932 1929 179 8785 69 43 1995 
38
a 1047 2330 1293 161 303 1126 541 1106 5008 3088 1469 221 5672 5671 5670 5669 211 4723 1684 1376 110 687 266 937 131 1168 1379 2806 2805 684 685 4455 4468 123 5138 0 5137 1517 4700 404 160 831 5508 1932 1929 179 8785 915 43 1995 
39
a 280 4107 4106 161 303 1126 541 1106 5008 3088 1469 221 5672 5671 5670 5669 211 4723 1684 1376 110 687 266 937 131 1168 1379 2806 2805 684 685 4455 4468 123 5138 0 5137 1517 4700 404 160 831 5508 1932 1929 179 8785 915 43 1995 
40
a 1047 2330 1293 161 303 1126 541 1106 5008 3088 1469 221 5672 5671 5670 5669 211 4723 1684 1376 110 687 111 730 131 1168 1379 2806 2805 684 685 4455 4468 123 5138 0 5137 1517 4700 404 160 831 280 1932 1929 179 8785 69 43 1995 
41
a 30 4107 4106 161 303 1126 541 1106 5008 3088 1469 221 5672 5671 5670 5669 211 4723 1684 1376 110 687 111 730 131 1168 1379 2806 2805 684 685 4455 4468 123 5138 0 5137 1517 4700 404 160 831 280 1932 1929 179 8785 69 43 1995 
42
a 1047 2330 1293 161 303 1126 541 1106 5008 3088 1469 221 5672 5671 5670 5669 211 4723 1684 1376 110 687 111 730 131 1168 1379 2806 2805 684 685 4455 4468 123 5138 0 5137 1517 4700 404 160 831 280 1932 1929 179 8785 915 43 1995 
43
a 30 4107 4106 161 303 1126 541 1106 5008 3088 1469 221 5672 5671 5670 5669 211 4723 1684 1376 110 687 111 730 131 1168 1379 2806 2805 684 685 4455 4468 123 5138 0 5137 1517 4700 404 160 831 280 1932 1929 179 8785 915 43 1995 
44
a 1047 2330 1293 161 303 1126 541 1106 5008 3088 1469 221 5672 5671 5670 5669 211 4723 1684 1376 110 687 111 730 131 1168 1379 2806 2805 684 685 4455 4468 123 5138 0 5137 1517 4700 404 160 831 5508 1932 1929 179 8785 69 43 1995 
45
a 280 4107 4106 161 303 1126 541 1106 5008 3088 1469 221 5672 5671 5670 5669 211 4723 1684 1376 110 687 111 730 131 1168 1379 2806 2805 684 685 4455 4468 123 5138 0 5137 1517 4700 404 160 831 5508 1932 1929 179 8785 69 43 1995 
46
a 1047 2330 1293 161 303 1126 541 1106 5008 3088 1469 221 5672 5671 5670 5669 211 4723 1684 1376 110 687 111 730 131 1168 1379 2806 2805 684 685 4455 4468 123 5138 0 5137 1517 4700 404 160 831 5508 1932 1929 179 8785 915 43 1995 
47
a 280 4107 4106 161 303 1126 541 1106 5008 3088 1469 221 5672 5671 5670 5669 211 4723 1684 1376 110 687 111 730 131 1168 1379 2806 2805 684 685 4455 4468 123 5138 0 5137 1517 4700 404 160 831 5508 1932 1929 179 8785 915 43 1995 
48
a 1047 2330 1293 161 303 1126 541 1106 5008 3088 1469 221 5672 5671 5670 5669 211 4723 1684 1376 110 687 111 2599 131 1168 1379 2806 2805 684 685 4455 4468 123 5138 0 5137 1517 4700 404 160 831 280 1932 1929 179 8785 69 43 1995 
49
a 30 4107 4106 161 303 1126 541 1106 5008 3088 1469 221 5672 5671 5670 5669 211 4723 1684 1376 110 687 111 2599 131 1168 1379 2806 2805 684 685 4455 4468 123 5138 0 5137 1517 4700 404 160 831 280 1932 1929 179 8785 69 43 1995 
50
a 1047 2330 1293 161 303 1126 541 1106 5008 3088 1469 221 5672 5671 5670 5669 211 4723 1684 1376 110 687 111 2599 131 1168 1379 2806 2805 684 685 4455 4468 123 5138 0 5137 1517 4700 404 160 831 280 1932 1929 179 8785 915 43 1995 
51
a 30 4107 4106 161 303 1126 541 1106 5008 3088 1469 221 5672 5671 5670 5669 211 4723 1684 1376 110 687 111 2599 131 1168 1379 2806 2805 684 685 4455 4468 123 5138 0 5137 1517 4700 404 160 831 280 1932 1929 179 8785 915 43 1995 
52
a 1047 2330 1293 161 303 1126 541 1106 5008 3088 1469 221 5672 5671 5670 5669 211 4723 1684 1376 110 687 111 2599 131 1168 1379 2806 2805 684 685 4455 4468 123 5138 0 5137 1517 4700 404 160 831 5508 1932 1929 179 8785 69 43 1995 
53
a 280 4107 4106 161 303 1126 541 1106 5008 3088 1469 221 5672 5671 5670 5669 211 4723 1684 1376 110 687 111 2599 131 1168 1379 2806 2805 684 685 4455 4468 123 5138 0 5137 1517 4700 404 160 831 5508 1932 1929 179 8785 69 43 1995 
54
a 1047 2330 1293 161 303 1126 541 1106 5008 3088 1469 221 5672 5671 5670 5669 211 4723 1684 1376 110 687 111 2599 131 1168 1379 2806 2805 684 685 4455 4468 123 5138 0 5137 1517 4700 404 160 831 5508 1932 1929 179 8785 915 43 1995 
55
a 280 4107 4106 161 303 1126 541 1106 5008 3088 1469 221 5672 5671 5670 5669 211 4723 1684 1376 110 687 111 2599 131 1168 1379 2806 2805 684 685 4455 4468 123 5138 0 5137 1517 4700 404 160 831 5508 1932 1929 179 8785 915 43 1995 
56
a 937 2330 1293 161 303 1126 541 1106 5008 3088 1469 221 5672 5671 5670 5669 211 4723 1684 1376 110 687 111 1047 131 1168 1379 2806 2805 684 685 4455 4468 123 5138 0 5137 1517 4700 404 160 831 280 1932 1929 179 8785 69 43 1995 
57
a 30 4107 4106 161 303 1126 541 1106 5008 3088 1469 221 5672 5671 5670 5669 211 4723 1684 1376 110 687 111 1047 131 1168 1379 2806 2805 684 685 4455 4468 123 5138 0 5137 1517 4700 404 160 831 280 1932 1929 179 8785 69 43 1995 
58
a 937 2330 1293 161 303 1126 541 1106 5008 3088 1469 221 5672 5671 5670 5669 211 4723 1684 1376 110 687 111 1047 131 1168 1379 2806 2805 684 685 4455 4468 123 5138 0 5137 1517 4700 404 160 831 280 1932 1929 179 8785 915 43 1995 
59
a 30 4107 4106 161 303 1126 541 1106 5008 3088 1469 221 5672 5671 5670 5669 211 4723 1684 1376 110 687 111 1047 131 1168 1379 2806 2805 684 685 4455 4468 123 5138 0 5137 1517 4700 404 160 831 280 1932 1929 179 8785 915 43 1995 
60
a 937 2330 1293 161 303 1126 541 1106 5008 3088 1469 221 5672 5671 5670 5669 211 4723 1684 1376 110 687 111 1047 131 1168 1379 2806 2805 684 685 4455 4468 123 5138 0 5137 1517 4700 404 160 831 5508 1932 1929 179 8785 69 43 1995 
61
a 280 4107 4106 161 303 1126 541 1106 5008 3088 1469 221 5672 5671 5670 5669 211 4723 1684 1376 110 687 111 1047 131 1168 1379 2806 2805 684 685 4455 4468 123 5138 0 5137 1517 4700 404 160 831 5508 1932 1929 179 8785 69 43 1995 
62
a 937 2330 1293 161 303 1126 541 1106 5008 3088 1469 221 5672 5671 5670 5669 211 4723 1684 1376 110 687 111 1047 131 1168 1379 2806 2805 684 685 4455 4468 123 5138 0 5137 1517 4700 404 160 831 5508 1932 1929 179 8785 915 43 1995 
63
a 280 4107 4106 161 303 1126 541 1106 5008 3088 1469 221 5672 5671 5670 5669 211 4723 1684 1376 110 687 111 1047 131 1168 1379 2806 2805 684 685 4455 4468 123 5138 0 5137 1517 4700 404 160 831 5508 1932 1929 179 8785 915 43 1995 
64
a 1047 2330 1293 161 303 1126 541 1106 5008 3088 1469 221 5672 5671 5670 5669 211 4723 1684 1376 110 687 111 760 131 1168 1379 2806 2805 684 685 4455 4468 123 5138 0 5137 1517 4700 404 160 831 280 1932 1929 179 8785 69 43 1995 
65
a 30 4107 4106 161 303 1126 541 1106 5008 3088 1469 221 5672 5671 5670 5669 211 4723 1684 1376 110 687 111 760 131 1168 1379 2806 2805 684 685 4455 4468 123 5138 0 5137 1517 4700 404 160 831 280 1932 1929 179 8785 69 43 1995 
66
a 1047 2330 1293 161 303 1126 541 1106 5008 3088 1469 221 5672 5671 5670 5669 211 4723 1684 1376 110 687 111 760 131 1168 1379 2806 2805 684 685 4455 4468 123 5138 0 5137 1517 4700 404 160 831 280 1932 1929 179 8785 915 43 1995 
67
a 30 4107 4106 161 303 1126 541 1106 5008 3088 1469 221 5672 5671 5670 5669 211 4723 1684 1376 110 687 111 760 131 1168 1379 2806 2805 684 685 4455 4468 123 5138 0 5137 1517 4700 404 160 831 280 1932 1929 179 8785 915 43 1995 
68
a 1047 2330 1293 161 303 1126 541 1106 5008 3088 1469 221 5672 5671 5670 5669 211 4723 1684 1376 110 687 111 760 131 1168 1379 2806 2805 684 685 4455 4468 123 5138 0 5137 1517 4700 404 160 831 5508 1932 1929 179 8785 69 43 1995 
69
a 280 4107 4106 161 303 1126 541 1106 5008 3088 1469 221 5672 5671 5670 5669 211 4723 1684 1376 110 687 111 760 131 1168 1379 2806 2805 684 685 4455 4468 123 5138 0 5137 1517 4700 404 160 831 5508 1932 1929 179 8785 69 43 1995 
70
a 1047 2330 1293 161 303 1126 541 1106 5008 3088 1469 221 5672 5671 5670 5669 211 4723 1684 1376 110 687 111 760 131 1168 1379 2806 2805 684 685 4455 4468 123 5138 0 5137 1517 4700 404 160 831 5508 1932 1929 179 8785 915 43 1995 
71
a 280 4107 4106 161 303 1126 541 1106 5008 3088 1469 221 5672 5671 5670 5669 211 4723 1684 1376 110 687 111 760 131 1168 1379 2806 2805 684 685 4455 4468 123 5138 0 5137 1517 4700 404 160 831 5508 1932 1929 179 8785 915 43 1995 
72
a 1047 2330 1293 161 303 1126 541 1106 5008 3088 1469 221 5672 5671 5670 5669 211 4723 1684 1376 110 687 266 86 131 1168 1379 2806 96 5403 241 4455 4468 123 5138 0 5137 1517 4700 404 160 831 280 1932 1929 179 8785 69 43 1995 
73
a 30 4107 4106 161 303 1126 541 1106 5008 3088 1469 221 5672 5671 5670 5669 211 4723 1684 1376 110 687 266 86 131 1168 1379 2806 96 5403 241 4455 4468 123 5138 0 5137 1517 4700 404 160 831 280 1932 1929 179 8785 69 43 1995 
74
a 1047 2330 1293 161 303 1126 541 1106 5008 3088 1469 221 5672 5671 5670 5669 211 4723 1684 1376 110 687 266 86 131 1168 1379 2806 96 5403 241 4455 4468 123 5138 0 5137 1517 4700 404 160 831 280 1932 1929 179 8785 915 43 1995 
75
a 30 4107 4106 161 303 1126 541 1106 5008 3088 1469 221 5672 5671 5670 5669 211 4723 1684 1376 110 687 266 86 131 1168 1379 2806 96 5403 241 4455 4468 123 5138 0 5137 1517 4700 404 160 831 280 1932 1929 179 8785 915 43 1995 
76
a 1047 2330 1293 161 303 1126 541 1106 5008 3088 1469 221 5672 5671 5670 5669 211 4723 1684 1376 110 687 266 86 131 1168 1379 2806 96 5403 241 4455 4468 123 5138 0 5137 1517 4700 404 160 831 5508 1932 1929 179 8785 69 43 1995 
77
a 280 4107 4106 161 303 1126 541 1106 5008 3088 1469 221 5672 5671 5670 5669 211 4723 1684 1376 110 687 266 86 131 1168 1379 2806 96 5403 241 4455 4468 123 5138 0 5137 1517 4700 404 160 831 5508 1932 1929 179 8785 69 43 1995 
78
a 1047 2330 1293 161 303 1126 541 1106 5008 3088 1469 221 5672 5671 5670 5669 211 4723 1684 1376 110 687 266 86 131 1168 1379 2806 96 5403 241 4455 4468 123 5138 0 5137 1517 4700 404 160 831 5508 1932 1929 179 8785 915 43 1995 
79
a 280 4107 4106 161 303 1126 541 1106 5008 3088 1469 221 5672 5671 5670 5669 211 4723 1684 1376 110 687 266 86 131 1168 1379 2806 96 5403 241 4455 4468 123 5138 0 5137 1517 4700 404 160 831 5508 1932 1929 179 8785 915 43 1995 
80
a 1047 2330 1293 161 303 1126 541 1106 5008 3088 1469 221 5672 5671 5670 5669 211 4723 1684 1376 110 687 266 2599 131 1168 1379 2806 96 5403 241 4455 4468 123 5138 0 5137 1517 4700 404 160 831 280 1932 1929 179 8785 69 43 1995 
81
a 30 4107 4106 161 303 1126 541 1106 5008 3088 1469 221 5672 5671 5670 5669 211 4723 1684 1376 110 687 266 2599 131 1168 1379 2806 96 5403 241 4455 4468 123 5138 0 5137 1517 4700 404 160 831 280 1932 1929 179 8785 69 43 1995 
82
a 1047 2330 1293 161 303 1126 541 1106 5008 3088 1469 221 5672 5671 5670 5669 211 4723 1684 1376 110 687 266 2599 131 1168 1379 2806 96 5403 241 4455 4468 123 5138 0 5137 1517 4700 404 160 831 280 1932 1929 179 8785 915 43 1995 
83
a 30 4107 4106 161 303 1126 541 1106 5008 3088 1469 221 5672 5671 5670 5669 211 4723 1684 1376 110 687 266 2599 131 1168 1379 2806 96 5403 241 4455 4468 123 5138 0 5137 1517 4700 404 160 831 280 1932 1929 179 8785 915 43 1995 
84
a 1047 2330 1293 161 303 1126 541 1106 5008 3088 1469 221 5672 5671 5670 5669 211 4723 1684 1376 110 687 266 2599 131 1168 1379 2806 96 5403 241 4455 4468 123 5138 0 5137 1517 4700 404 160 831 5508 1932 1929 179 8785 69 43 1995 
85
a 280 4107 4106 161 303 1126 541 1106 5008 3088 1469 221 5672 5671 5670 5669 211 4723 1684 1376 110 687 266 2599 131 1168 1379 2806 96 5403 241 4455 4468 123 5138 0 5137 1517 4700 404 160 831 5508 1932 1929 179 8785 69 43 1995 
86
a 1047 2330 1293 161 303 1126 541 1106 5008 3088 1469 221 5672 5671 5670 5669 211 4723 1684 1376 110 687 266 2599 131 1168 1379 2806 96 5403 241 4455 4468 123 5138 0 5137 1517 4700 404 160 831 5508 1932 1929 179 8785 915 43 1995 
87
a 280 4107 4106 161 303 1126 541 1106 5008 3088 1469 221 5672 5671 5670 5669 211 4723 1684 1376 110 687 266 2599 131 1168 1379 2806 96 5403 241 4455 4468 123 5138 0 5137 1517 4700 404 160 831 5508 1932 1929 179 8785 915 43 1995 
88
a 1047 2330 1293 161 303 1126 541 1106 5008 3088 1469 221 5672 5671 5670 5669 211 4723 1684 1376 110 687 266 2595 131 1168 1379 2806 96 5403 241 4455 4468 123 5138 0 5137 1517 4700 404 160 831 280 1932 1929 179 8785 69 43 1995 
89
a 30 4107 4106 161 303 1126 541 1106 5008 3088 1469 221 5672 5671 5670 5669 211 4723 1684 1376 110 687 266 2595 131 1168 1379 2806 96 5403 241 4455 4468 123 5138 0 5137 1517 4700 404 160 831 280 1932 1929 179 8785 69 43 1995 
90
a 1047 2330 1293 161 303 1126 541 1106 5008 3088 1469 221 5672 5671 5670 5669 211 4723 1684 1376 110 687 266 2595 131 1168 1379 2806 96 5403 241 4455 4468 123 5138 0 5137 1517 4700 404 160 831 280 1932 1929 179 8785 915 43 1995 
91
a 30 4107 4106 161 303 1126 541 1106 5008 3088 1469 221 5672 5671 5670 5669 211 4723 1684 1376 110 687 266 2595 131 1168 1379 2806 96 5403 241 4455 4468 123 5138 0 5137 1517 4700 404 160 831 280 1932 1929 179 8785 915 43 1995 
92
a 1047 2330 1293 161 303 1126 541 1106 5008 3088 1469 221 5672 5671 5670 5669 211 4723 1684 1376 110 687 266 2595 131 1168 1379 2806 96 5403 241 4455 4468 123 5138 0 5137 1517 4700 404 160 831 5508 1932 1929 179 8785 69 43 1995 
93
a 280 4107 4106 161 303 1126 541 1106 5008 3088 1469 221 5672 5671 5670 5669 211 4723 1684 1376 110 687 266 2595 131 1168 1379 2806 96 5403 241 4455 4468 123 5138 0 5137 1517 4700 404 160 831 5508 1932 1929 179 8785 69 43 1995 
94
a 1047 2330 1293 161 303 1126 541 1106 5008 3088 1469 221 5672 5671 5670 5669 211 4723 1684 1376 110 687 266 2595 131 1168 1379 2806 96 5403 241 4455 4468 123 5138 0 5137 1517 4700 404 160 831 5508 1932 1929 179 8785 915 43 1995 
95
a 280 4107 4106 161 303 1126 541 1106 5008 3088 1469 221 5672 5671 5670 5669 211 4723 1684 1376 110 687 266 2595 131 1168 1379 2806 96 5403 241 4455 4468 123 5138 0 5137 1517 4700 404 160 831 5508 1932 1929 179 8785 915 43 1995 
96
a 937 2330 1293 161 303 1126 541 1106 5008 3088 1469 221 5672 5671 5670 5669 211 4723 1684 1376 110 687 266 1047 131 1168 1379 2806 96 5403 241 4455 4468 123 5138 0 5137 1517 4700 404 160 831 280 1932 1929 179 8785 69 43 1995 
97
a 30 4107 4106 161 303 1126 541 1106 5008 3088 1469 221 5672 5671 5670 5669 211 4723 1684 1376 110 687 266 1047 131 1168 1379 2806 96 5403 241 4455 4468 123 5138 0 5137 1517 4700 404 160 831 280 1932 1929 179 8785 69 43 1995 
98
a 937 2330 1293 161 303 1126 541 1106 5008 3088 1469 221 5672 5671 5670 5669 211 4723 1684 1376 110 687 266 1047 131 1168 1379 2806 96 5403 241 4455 4468 123 5138 0 5137 1517 4700 404 160 831 280 1932 1929 179 8785 915 43 1995 
99
a 30 4107 4106 161 303 1126 541 1106 5008 3088 1469 221 5672 5671 5670 5669 211 4723 1684 1376 110 687 266 1047 131 1168 1379 2806 96 5403 241 4455 4468 123 5138 0 5137 1517 4700 404 160 831 280 1932 1929 179 8785 915 43 1995 
100
a 937 2330 1293 161 303 1126 541 1106 5008 3088 1469 221 5672 5671 5670 5669 211 4723 1684 1376 110 687 266 1047 131 1168 1379 2806 96 5403 241 4455 4468 123 5138 0 5137 1517 4700 404 160 831 5508 1932 1929 179 8785 69 43 1995 
101
a 280 4107 4106 161 303 1126 541 1106 5008 3088 1469 221 5672 5671 5670 5669 211 4723 1684 1376 110 687 266 1047 131 1168 1379 2806 96 5403 241 4455 4468 123 5138 0 5137 1517 4700 404 160 831 5508 1932 1929 179 8785 69 43 1995 
102
a 937 2330 1293 161 303 1126 541 1106 5008 3088 1469 221 5672 5671 5670 5669 211 4723 1684 1376 110 687 266 1047 131 1168 1379 2806 96 5403 241 4455 4468 123 5138 0 5137 1517 4700 404 160 831 5508 1932 1929 179 8785 915 43 1995 
103
a 280 4107 4106 161 303 1126 541 1106 5008 3088 1469 221 5672 5671 5670 5669 211 4723 1684 1376 110 687 266 1047 131 1168 1379 2806 96 5403 241 4455 4468 123 5138 0 5137 1517 4700 404 160 831 5508 1932 1929 179 8785 915 43 1995 
104
a 1047 2330 1293 161 303 1126 541 1106 5008 3088 1469 221 5672 5671 5670 5669 211 4723 1684 1376 110 687 266 937 131 1168 1379 2806 96 5403 241 4455 4468 123 5138 0 5137 1517 4700 404 160 831 280 1932 1929 179 8785 69 43 1995 
105
a 30 4107 4106 161 303 1126 541 1106 5008 3088 1469 221 5672 5671 5670 5669 211 4723 1684 1376 110 687 266 937 131 1168 1379 2806 96 5403 241 4455 4468 123 5138 0 5137 1517 4700 404 160 831 280 1932 1929 179 8785 69 43 1995 
106
a 1047 2330 1293 161 303 1126 541 1106 5008 3088 1469 221 5672 5671 5670 5669 211 4723 1684 1376 110 687 266 937 131 1168 1379 2806 96 5403 241 4455 4468 123 5138 0 5137 1517 4700 404 160 831 280 1932 1929 179 8785 915 43 1995 
107
a 30 4107 4106 161 303 1126 541 1106 5008 3088 1469 221 5672 5671 5670 5669 211 4723 1684 1376 110 687 266 937 131 1168 1379 2806 96 5403 241 4455 4468 123 5138 0 5137 1517 4700 404 160 831 280 1932 1929 179 8785 915 43 1995 
108
a 1047 2330 1293 161 303 1126 541 1106 5008 3088 1469 221 5672 5671 5670 5669 211 4723 1684 1376 110 687 266 937 131 1168 1379 2806 96 5403 241 4455 4468 123 5138 0 5137 1517 4700 404 160 831 5508 1932 1929 179 8785 69 43 1995 
109
a 280 4107 4106 161 303 1126 541 1106 5008 3088 1469 221 5672 5671 5670 5669 211 4723 1684 1376 110 687 266 937 131 1168 1379 2806 96 5403 241 4455 4468 123 5138 0 5137 1517 4700 404 160 831 5508 1932 1929 179 8785 69 43 1995 
110
a 1047 2330 1293 161 303 1126 541 1106 5008 3088 1469 221 5672 5671 5670 5669 211 4723 1684 1376 110 687 266 937 131 1168 1379 2806 96 5403 241 4455 4468 123 5138 0 5137 1517 4700 404 160 831 5508 1932 1929 179 8785 915 43 1995 
111
a 280 4107 4106 161 303 1126 541 1106 5008 3088 1469 221 5672 5671 5670 5669 211 4723 1684 1376 110 687 266 937 131 1168 1379 2806 96 5403 241 4455 4468 123 5138 0 5137 1517 4700 404 160 831 5508 1932 1929 179 8785 915 43 1995 
112
a 1047 2330 1293 161 303 1126 541 1106 5008 3088 1469 221 5672 5671 5670 5669 211 4723 1684 1376 110 687 111 730 131 1168 1379 2806 96 5403 241 4455 4468 123 5138 0 5137 1517 4700 404 160 831 280 1932 1929 179 8785 69 43 1995 
113
a 30 4107 4106 161 303 1126 541 1106 5008 3088 1469 221 5672 5671 5670 5669 211 4723 1684 1376 110 687 111 730 131 1168 1379 2806 96 5403 241 4455 4468 123 5138 0 5137 1517 4700 404 160 831 280 1932 1929 179 8785 69 43 1995 
114
a 1047 2330 1293 161 303 1126 541 1106 5008 3088 1469 221 5672 5671 5670 5669 211 4723 1684 1376 110 687 111 730 131 1168 1379 2806 96 5403 241 4455 4468 123 5138 0 5137 1517 4700 404 160 831 280 1932 1929 179 8785 915 43 1995 
115
a 30 4107 4106 161 303 1126 541 1106 5008 3088 1469 221 5672 5671 5670 5669 211 4723 1684 1376 110 687 111 730 131 1168 1379 2806 96 5403 241 4455 4468 123 5138 0 5137 1517 4700 404 160 831 280 1932 1929 179 8785 915 43 1995 
116
a 1047 2330 1293 161 303 1126 541 1106 5008 3088 1469 221 5672 5671 5670 5669 211 4723 1684 1376 110 687 111 730 131 1168 1379 2806 96 5403 241 4455 4468 123 5138 0 5137 1517 4700 404 160 831 5508 1932 1929 179 8785 69 43 1995 
117
a 280 4107 4106 161 303 1126 541 1106 5008 3088 1469 221 5672 5671 5670 5669 211 4723 1684 1376 110 687 111 730 131 1168 1379 2806 96 5403 241 4455 4468 123 5138 0 5137 1517 4700 404 160 831 5508 1932 1929 179 8785 69 43 1995 
118
a 1047 2330 1293 161 303 1126 541 1106 5008 3088 1469 221 5672 5671 5670 5669 211 4723 1684 1376 110 687 111 730 131 1168 1379 2806 96 5403 241 4455 4468 123 5138 0 5137 1517 4700 404 160 831 5508 1932 1929 179 8785 915 43 1995 
119
a 280 4107 4106 161 303 1126 541 1106 5008 3088 1469 221 5672 5671 5670 5669 211 4723 1684 1376 110 687 111 730 131 1168 1379 2806 96 5403 241 4455 4468 123 5138 0 5137 1517 4700 404 160 831 5508 1932 1929 179 8785 915 43 1995 
120
a 1047 2330 1293 161 303 1126 541 1106 5008 3088 1469 221 5672 5671 5670 5669 211 4723 1684 1376 110 687 111 2599 131 1168 1379 2806 96 5403 241 4455 4468 123 5138 0 5137 1517 4700 404 160 831 280 1932 1929 179 8785 69 43 1995 
121
a 30 4107 4106 161 303 1126 541 1106 5008 3088 1469 221 5672 5671 5670 5669 211 4723 1684 1376 110 687 111 2599 131 1168 1379 2806 96 5403 241 4455 4468 123 5138 0 5137 1517 4700 404 160 831 280 1932 1929 179 8785 69 43 1995 
122
a 1047 2330 1293 161 303 1126 541 1106 5008 3088 1469 221 5672 5671 5670 5669 211 4723 1684 1376 110 687 111 2599 131 1168 1379 2806 96 5403 241 4455 4468 123 5138 0 5137 1517 4700 404 160 831 280 1932 1929 179 8785 915 43 1995 
123
a 30 4107 4106 161 303 1126 541 1106 5008 3088 1469 221 5672 5671 5670 5669 211 4723 1684 1376 110 687 111 2599 131 1168 1379 2806 96 5403 241 4455 4468 123 5138 0 5137 1517 4700 404 160 831 280 1932 1929 179 8785 915 43 1995 
124
a 1047 2330 1293 161 303 1126 541 1106 5008 3088 1469 221 5672 5671 5670 5669 211 4723 1684 1376 110 687 111 2599 131 1168 1379 2806 96 5403 241 4455 4468 123 5138 0 5137 1517 4700 404 160 831 5508 1932 1929 179 8785 69 43 1995 
125
a 280 4107 4106 161 303 1126 541 1106 5008 3088 1469 221 5672 5671 5670 5669 211 4723 1684 1376 110 687 111 2599 131 1168 1379 2806 96 5403 241 4455 4468 123 5138 0 5137 1517 4700 404 160 831 5508 1932 1929 179 8785 69 43 1995 
126
a 1047 2330 1293 161 303 1126 541 1106 5008 3088 1469 221 5672 5671 5670 5669 211 4723 1684 1376 110 687 111 2599 131 1168 1379 2806 96 5403 241 4455 4468 123 5138 0 5137 1517 4700 404 160 831 5508 1932 1929 179 8785 915 43 1995 
127
a 280 4107 4106 161 303 1126 541 1106 5008 3088 1469 221 5672 5671 5670 5669 211 4723 1684 1376 110 687 111 2599 131 1168 1379 2806 96 5403 241 4455 4468 123 5138 0 5137 1517 4700 404 160 831 5508 1932 1929 179 8785 915 43 1995 
128
a 937 2330 1293 161 303 1126 541 1106 5008 3088 1469 221 5672 5671 5670 5669 211 4723 1684 1376 110 687 111 1047 131 1168 1379 2806 96 5403 241 4455 4468 123 5138 0 5137 1517 4700 404 160 831 280 1932 1929 179 8785 69 43 1995 
129
a 30 4107 4106 161 303 1126 541 1106 5008 3088 1469 221 5672 5671 5670 5669 211 4723 1684 1376 110 687 111 1047 131 1168 1379 2806 96 5403 241 4455 4468 123 5138 0 5137 1517 4700 404 160 831 280 1932 1929 179 8785 69 43 1995 
130
a 937 2330 1293 161 303 1126 541 1106 5008 3088 1469 221 5672 5671 5670 5669 211 4723 1684 1376 110 687 111 1047 131 1168 1379 2806 96 5403 241 4455 4468 123 5138 0 5137 1517 4700 404 160 831 280 1932 1929 179 8785 915 43 1995 
131
a 30 4107 4106 161 303 1126 541 1106 5008 3088 1469 221 5672 5671 5670 5669 211 4723 1684 1376 110 687 111 1047 131 1168 1379 2806 96 5403 241 4455 4468 123 5138 0 5137 1517 4700 404 160 831 280 1932 1929 179 8785 915 43 1995 
132
a 937 2330 1293 161 303 1126 541 1106 5008 3088 1469 221 5672 5671 5670 5669 211 4723 1684 1376 110 687 111 1047 131 1168 1379 2806 96 5403 241 4455 4468 123 5138 0 5137 1517 4700 404 160 831 5508 1932 1929 179 8785 69 43 1995 
133
a 280 4107 4106 161 303 1126 541 1106 5008 3088 1469 221 5672 5671 5670 5669 211 4723 1684 1376 110 687 111 1047 131 1168 1379 2806 96 5403 241 4455 4468 123 5138 0 5137 1517 4700 404 160 831 5508 1932 1929 179 8785 69 43 1995 
134
a 937 2330 1293 161 303 1126 541 1106 5008 3088 1469 221 5672 5671 5670 5669 211 4723 1684 1376 110 687 111 1047 131 1168 1379 2806 96 5403 241 4455 4468 123 5138 0 5137 1517 4700 404 160 831 5508 1932 1929 179 8785 915 43 1995 
135
a 280 4107 4106 161 303 1126 541 1106 5008 3088 1469 221 5672 5671 5670 5669 211 4723 1684 1376 110 687 111 1047 131 1168 1379 2806 96 5403 241 4455 4468 123 5138 0 5137 1517 4700 404 160 831 5508 1932 1929 179 8785 915 43 1995 
136
a 1047 2330 1293 161 303 1126 541 1106 5008 3088 1469 221 5672 5671 5670 5669 211 4723 1684 1376 110 687 111 760 131 1168 1379 2806 96 5403 241 4455 4468 123 5138 0 5137 1517 4700 404 160 831 280 1932 1929 179 8785 69 43 1995 
137
a 30 4107 4106 161 303 1126 541 1106 5008 3088 1469 221 5672 5671 5670 5669 211 4723 1684 1376 110 687 111 760 131 1168 1379 2806 96 5403 241 4455 4468 123 5138 0 5137 1517 4700 404 160 831 280 1932 1929 179 8785 69 43 1995 
138
a 1047 2330 1293 161 303 1126 541 1106 5008 3088 1469 221 5672 5671 5670 5669 211 4723 1684 1376 110 687 111 760 131 1168 1379 2806 96 5403 241 4455 4468 123 5138 0 5137 1517 4700 404 160 831 280 1932 1929 179 8785 915 43 1995 
139
a 30 4107 4106 161 303 1126 541 1106 5008 3088 1469 221 5672 5671 5670 5669 211 4723 1684 1376 110 687 111 760 131 1168 1379 2806 96 5403 241 4455 4468 123 5138 0 5137 1517 4700 404 160 831 280 1932 1929 179 8785 915 43 1995 
140
a 1047 2330 1293 161 303 1126 541 1106 5008 3088 1469 221 5672 5671 5670 5669 211 4723 1684 1376 110 687 111 760 131 1168 1379 2806 96 5403 241 4455 4468 123 5138 0 5137 1517 4700 404 160 831 5508 1932 1929 179 8785 69 43 1995 
141
a 280 4107 4106 161 303 1126 541 1106 5008 3088 1469 221 5672 5671 5670 5669 211 4723 1684 1376 110 687 111 760 131 1168 1379 2806 96 5403 241 4455 4468 123 5138 0 5137 1517 4700 404 160 831 5508 1932 1929 179 8785 69 43 1995 
142
a 1047 2330 1293 161 303 1126 541 1106 5008 3088 1469 221 5672 5671 5670 5669 211 4723 1684 1376 110 687 111 760 131 1168 1379 2806 96 5403 241 4455 4468 123 5138 0 5137 1517 4700 404 160 831 5508 1932 1929 179 8785 915 43 1995 
143
a 280 4107 4106 161 303 1126 541 1106 5008 3088 1469 221 5672 5671 5670 5669 211 4723 1684 1376 110 687 111 760 131 1168 1379 2806 96 5403 241 4455 4468 123 5138 0 5137 1517 4700 404 160 831 5508 1932 1929 179 8785 915 43 1995 
144
a 1047 2330 1293 161 303 1126 541 1106 5008 3088 1469 221 5672 5671 5670 5669 211 4723 1684 1376 110 687 266 86 131 1168 1379 2806 96 369 241 4455 4468 123 5138 0 5137 1517 4700 404 160 831 280 1932 1929 179 8785 69 43 1995 
145
a 30 4107 4106 161 303 1126 541 1106 5008 3088 1469 221 5672 5671 5670 5669 211 4723 1684 1376 110 687 266 86 131 1168 1379 2806 96 369 241 4455 4468 123 5138 0 5137 1517 4700 404 160 831 280 1932 1929 179 8785 69 43 1995 
146
a 1047 2330 1293 161 303 1126 541 1106 5008 3088 1469 221 5672 5671 5670 5669 211 4723 1684 1376 110 687 266 86 131 1168 1379 2806 96 369 241 4455 4468 123 5138 0 5137 1517 4700 404 160 831 280 1932 1929 179 8785 915 43 1995 
147
a 30 4107 4106 161 303 1126 541 1106 5008 3088 1469 221 5672 5671 5670 5669 211 4723 1684 1376 110 687 266 86 131 1168 1379 2806 96 369 241 4455 4468 123 5138 0 5137 1517 4700 404 160 831 280 1932 1929 179 8785 915 43 1995 
148
a 1047 2330 1293 161 303 1126 541 1106 5008 3088 1469 221 5672 5671 5670 5669 211 4723 1684 1376 110 687 266 86 131 1168 1379 2806 96 369 241 4455 4468 123 5138 0 5137 1517 4700 404 160 831 5508 1932 1929 179 8785 69 43 1995 
149
a 280 4107 4106 161 303 1126 541 1106 5008 3088 1469 221 5672 5671 5670 5669 211 4723 1684 1376 110 687 266 86 131 1168 1379 2806 96 369 241 4455 4468 123 5138 0 5137 1517 4700 404 160 831 5508 1932 1929 179 8785 69 43 1995 
150
a 1047 2330 1293 161 303 1126 541 1106 5008 3088 1469 221 5672 5671 5670 5669 211 4723 1684 1376 110 687 266 86 131 1168 1379 2806 96 369 241 4455 4468 123 5138 0 5137 1517 4700 404 160 831 5508 1932 1929 179 8785 915 43 1995 
151
a 280 4107 4106 161 303 1126 541 1106 5008 3088 1469 221 5672 5671 5670 5669 211 4723 1684 1376 110 687 266 86 131 1168 1379 2806 96 369 241 4455 4468 123 5138 0 5137 1517 4700 404 160 831 5508 1932 1929 179 8785 915 43 1995 
152
a 1047 2330 1293 161 303 1126 541 1106 5008 3088 1469 221 5672 5671 5670 5669 211 4723 1684 1376 110 687 266 2599 131 1168 1379 2806 96 369 241 4455 4468 123 5138 0 5137 1517 4700 404 160 831 280 1932 1929 179 8785 69 43 1995 
153
a 30 4107 4106 161 303 1126 541 1106 5008 3088 1469 221 5672 5671 5670 5669 211 4723 1684 1376 110 687 266 2599 131 1168 1379 2806 96 369 241 4455 4468 123 5138 0 5137 1517 4700 404 160 831 280 1932 1929 179 8785 69 43 1995 
154
a 1047 2330 1293 161 303 1126 541 1106 5008 3088 1469 221 5672 5671 5670 5669 211 4723 1684 1376 110 687 266 2599 131 1168 1379 2806 96 369 241 4455 4468 123 5138 0 5137 1517 4700 404 160 831 280 1932 1929 179 8785 915 43 1995 
155
a 30 4107 4106 161 303 1126 541 1106 5008 3088 1469 221 5672 5671 5670 5669 211 4723 1684 1376 110 687 266 2599 131 1168 1379 2806 96 369 241 4455 4468 123 5138 0 5137 1517 4700 404 160 831 280 1932 1929 179 8785 915 43 1995 
156
a 1047 2330 1293 161 303 1126 541 1106 5008 3088 1469 221 5672 5671 5670 5669 211 4723 1684 1376 110 687 266 2599 131 1168 1379 2806 96 369 241 4455 4468 123 5138 0 5137 1517 4700 404 160 831 5508 1932 1929 179 8785 69 43 1995 
157
a 280 4107 4106 161 303 1126 541 1106 5008 3088 1469 221 5672 5671 5670 5669 211 4723 1684 1376 110 687 266 2599 131 1168 1379 2806 96 369 241 4455 4468 123 5138 0 5137 1517 4700 404 160 831 5508 1932 1929 179 8785 69 43 1995 
158
a 1047 2330 1293 161 303 1126 541 1106 5008 3088 1469 221 5672 5671 5670 5669 211 4723 1684 1376 110 687 266 2599 131 1168 1379 2806 96 369 241 4455 4468 123 5138 0 5137 1517 4700 404 160 831 5508 1932 1929 179 8785 915 43 1995 
159
a 280 4107 4106 161 303 1126 541 1106 5008 3088 1469 221 5672 5671 5670 5669 211 4723 1684 1376 110 687 266 2599 131 1168 1379 2806 96 369 241 4455 4468 123 5138 0 5137 1517 4700 404 160 831 5508 1932 1929 179 8785 915 43 1995 
160
a 1047 2330 1293 161 303 1126 541 1106 5008 3088 1469 221 5672 5671 5670 5669 211 4723 1684 1376 110 687 266 2595 131 1168 1379 2806 96 369 241 4455 4468 123 5138 0 5137 1517 4700 404 160 831 280 1932 1929 179 8785 69 43 1995 
161
a 30 4107 4106 161 303 1126 541 1106 5008 3088 1469 221 5672 5671 5670 5669 211 4723 1684 1376 110 687 266 2595 131 1168 1379 2806 96 369 241 4455 4468 123 5138 0 5137 1517 4700 404 160 831 280 1932 1929 179 8785 69 43 1995 
162
a 1047 2330 1293 161 303 1126 541 1106 5008 3088 1469 221 5672 5671 5670 5669 211 4723 1684 1376 110 687 266 2595 131 1168 1379 2806 96 369 241 4455 4468 123 5138 0 5137 1517 4700 404 160 831 280 1932 1929 179 8785 915 43 1995 
163
a 30 4107 4106 161 303 1126 541 1106 5008 3088 1469 221 5672 5671 5670 5669 211 4723 1684 1376 110 687 266 2595 131 1168 1379 2806 96 369 241 4455 4468 123 5138 0 5137 1517 4700 404 160 831 280 1932 1929 179 8785 915 43 1995 
164
a 1047 2330 1293 161 303 1126 541 1106 5008 3088 1469 221 5672 5671 5670 5669 211 4723 1684 1376 110 687 266 2595 131 1168 1379 2806 96 369 241 4455 4468 123 5138 0 5137 1517 4700 404 160 831 5508 1932 1929 179 8785 69 43 1995 
165
a 280 4107 4106 161 303 1126 541 1106 5008 3088 1469 221 5672 5671 5670 5669 211 4723 1684 1376 110 687 266 2595 131 1168 1379 2806 96 369 241 4455 4468 123 5138 0 5137 1517 4700 404 160 831 5508 1932 1929 179 8785 69 43 1995 
166
a 1047 2330 1293 161 303 1126 541 1106 5008 3088 1469 221 5672 5671 5670 5669 211 4723 1684 1376 110 687 266 2595 131 1168 1379 2806 96 369 241 4455 4468 123 5138 0 5137 1517 4700 404 160 831 5508 1932 1929 179 8785 915 43 1995 
167
a 280 4107 4106 161 303 1126 541 1106 5008 3088 1469 221 5672 5671 5670 5669 211 4723 1684 1376 110 687 266 2595 131 1168 1379 2806 96 369 241 4455 4468 123 5138 0 5137 1517 4700 404 160 831 5508 1932 1929 179 8785 915 43 1995 
168
a 937 2330 1293 161 303 1126 541 1106 5008 3088 1469 221 5672 5671 5670 5669 211 4723 1684 1376 110 687 266 1047 131 1168 1379 2806 96 369 241 4455 4468 123 5138 0 5137 1517 4700 404 160 831 280 1932 1929 179 8785 69 43 1995 
169
a 30 4107 4106 161 303 1126 541 1106 5008 3088 1469 221 5672 5671 5670 5669 211 4723 1684 1376 110 687 266 1047 131 1168 1379 2806 96 369 241 4455 4468 123 5138 0 5137 1517 4700 404 160 831 280 1932 1929 179 8785 69 43 1995 
170
a 937 2330 1293 161 303 1126 541 1106 5008 3088 1469 221 5672 5671 5670 5669 211 4723 1684 1376 110 687 266 1047 131 1168 1379 2806 96 369 241 4455 4468 123 5138 0 5137 1517 4700 404 160 831 280 1932 1929 179 8785 915 43 1995 
171
a 30 4107 4106 161 303 1126 541 1106 5008 3088 1469 221 5672 5671 5670 5669 211 4723 1684 1376 110 687 266 1047 131 1168 1379 2806 96 369 241 4455 4468 123 5138 0 5137 1517 4700 404 160 831 280 1932 1929 179 8785 915 43 1995 
172
a 937 2330 1293 161 303 1126 541 1106 5008 3088 1469 221 5672 5671 5670 5669 211 4723 1684 1376 110 687 266 1047 131 1168 1379 2806 96 369 241 4455 4468 123 5138 0 5137 1517 4700 404 160 831 5508 1932 1929 179 8785 69 43 1995 
173
a 280 4107 4106 161 303 1126 541 1106 5008 3088 1469 221 5672 5671 5670 5669 211 4723 1684 1376 110 687 266 1047 131 1168 1379 2806 96 369 241 4455 4468 123 5138 0 5137 1517 4700 404 160 831 5508 1932 1929 179 8785 69 43 1995 
174
a 937 2330 1293 161 303 1126 541 1106 5008 3088 1469 221 5672 5671 5670 5669 211 4723 1684 1376 110 687 266 1047 131 1168 1379 2806 96 369 241 4455 4468 123 5138 0 5137 1517 4700 404 160 831 5508 1932 1929 179 8785 915 43 1995 
175
a 280 4107 4106 161 303 1126 541 1106 5008 3088 1469 221 5672 5671 5670 5669 211 4723 1684 1376 110 687 266 1047 131 1168 1379 2806 96 369 241 4455 4468 123 5138 0 5137 1517 4700 404 160 831 5508 1932 1929 179 8785 915 43 1995 
176
a 1047 2330 1293 161 303 1126 541 1106 5008 3088 1469 221 5672 5671 5670 5669 211 4723 1684 1376 110 687 266 937 131 1168 1379 2806 96 369 241 4455 4468 123 5138 0 5137 1517 4700 404 160 831 280 1932 1929 179 8785 69 43 1995 
177
a 30 4107 4106 161 303 1126 541 1106 5008 3088 1469 221 5672 5671 5670 5669 211 4723 1684 1376 110 687 266 937 131 1168 1379 2806 96 369 241 4455 4468 123 5138 0 5137 1517 4700 404 160 831 280 1932 1929 179 8785 69 43 1995 
178
a 1047 2330 1293 161 303 1126 541 1106 5008 3088 1469 221 5672 5671 5670 5669 211 4723 1684 1376 110 687 266 937 131 1168 1379 2806 96 369 241 4455 4468 123 5138 0 5137 1517 4700 404 160 831 280 1932 1929 179 8785 915 43 1995 
179
a 30 4107 4106 161 303 1126 541 1106 5008 3088 1469 221 5672 5671 5670 5669 211 4723 1684 1376 110 687 266 937 131 1168 1379 2806 96 369 241 4455 4468 123 5138 0 5137 1517 4700 404 160 831 280 1932 1929 179 8785 915 43 1995 
180
a 1047 2330 1293 161 303 1126 541 1106 5008 3088 1469 221 5672 5671 5670 5669 211 4723 1684 1376 110 687 266 937 131 1168 1379 2806 96 369 241 4455 4468 123 5138 0 5137 1517 4700 404 160 831 5508 1932 1929 179 8785 69 43 1995 
181
a 280 4107 4106 161 303 1126 541 1106 5008 3088 1469 221 5672 5671 5670 5669 211 4723 1684 1376 110 687 266 937 131 1168 1379 2806 96 369 241 4455 4468 123 5138 0 5137 1517 4700 404 160 831 5508 1932 1929 179 8785 69 43 1995 
182
a 1047 2330 1293 161 303 1126 541 1106 5008 3088 1469 221 5672 5671 5670 5669 211 4723 1684 1376 110 687 266 937 131 1168 1379 2806 96 369 241 4455 4468 123 5138 0 5137 1517 4700 404 160 831 5508 1932 1929 179 8785 915 43 1995 
183
a 280 4107 4106 161 303 1126 541 1106 5008 3088 1469 221 5672 5671 5670 5669 211 4723 1684 1376 110 687 266 937 131 1168 1379 2806 96 369 241 4455 4468 123 5138 0 5137 1517 4700 404 160 831 5508 1932 1929 179 8785 915 43 1995 
184
a 1047 2330 1293 161 303 1126 541 1106 5008 3088 1469 221 5672 5671 5670 5669 211 4723 1684 1376 110 687 111 730 131 1168 1379 2806 96 369 241 4455 4468 123 5138 0 5137 1517 4700 404 160 831 280 1932 1929 179 8785 69 43 1995 
185
a 30 4107 4106 161 303 1126 541 1106 5008 3088 1469 221 5672 5671 5670 5669 211 4723 1684 1376 110 687 111 730 131 1168 1379 2806 96 369 241 4455 4468 123 5138 0 5137 1517 4700 404 160 831 280 1932 1929 179 8785 69 43 1995 
186
a 1047 2330 1293 161 303 1126 541 1106 5008 3088 1469 221 5672 5671 5670 5669 211 4723 1684 1376 110 687 111 730 131 1168 1379 2806 96 369 241 4455 4468 123 5138 0 5137 1517 4700 404 160 831 280 1932 1929 179 8785 915 43 1995 
187
a 30 4107 4106 161 303 1126 541 1106 5008 3088 1469 221 5672 5671 5670 5669 211 4723 1684 1376 110 687 111 730 131 1168 1379 2806 96 369 241 4455 4468 123 5138 0 5137 1517 4700 404 160 831 280 1932 1929 179 8785 915 43 1995 
188
a 1047 2330 1293 161 303 1126 541 1106 5008 3088 1469 221 5672 5671 5670 5669 211 4723 1684 1376 110 687 111 730 131 1168 1379 2806 96 369 241 4455 4468 123 5138 0 5137 1517 4700 404 160 831 5508 1932 1929 179 8785 69 43 1995 
189
a 280 4107 4106 161 303 1126 541 1106 5008 3088 1469 221 5672 5671 5670 5669 211 4723 1684 1376 110 687 111 730 131 1168 1379 2806 96 369 241 4455 4468 123 5138 0 5137 1517 4700 404 160 831 5508 1932 1929 179 8785 69 43 1995 
190
a 1047 2330 1293 161 303 1126 541 1106 5008 3088 1469 221 5672 5671 5670 5669 211 4723 1684 1376 110 687 111 730 131 1168 1379 2806 96 369 241 4455 4468 123 5138 0 5137 1517 4700 404 160 831 5508 1932 1929 179 8785 915 43 1995 
191
a 280 4107 4106 161 303 1126 541 1106 5008 3088 1469 221 5672 5671 5670 5669 211 4723 1684 1376 110 687 111 730 131 1168 1379 2806 96 369 241 4455 4468 123 5138 0 5137 1517 4700 404 160 831 5508 1932 1929 179 8785 915 43 1995 
192
a 1047 2330 1293 161 303 1126 541 1106 5008 3088 1469 221 5672 5671 5670 5669 211 4723 1684 1376 110 687 111 2599 131 1168 1379 2806 96 369 241 4455 4468 123 5138 0 5137 1517 4700 404 160 831 280 1932 1929 179 8785 69 43 1995 
193
a 30 4107 4106 161 303 1126 541 1106 5008 3088 1469 221 5672 5671 5670 5669 211 4723 1684 1376 110 687 111 2599 131 1168 1379 2806 96 369 241 4455 4468 123 5138 0 5137 1517 4700 404 160 831 280 1932 1929 179 8785 69 43 1995 
194
a 1047 2330 1293 161 303 1126 541 1106 5008 3088 1469 221 5672 5671 5670 5669 211 4723 1684 1376 110 687 111 2599 131 1168 1379 2806 96 369 241 4455 4468 123 5138 0 5137 1517 4700 404 160 831 280 1932 1929 179 8785 915 43 1995 
195
a 30 4107 4106 161 303 1126 541 1106 5008 3088 1469 221 5672 5671 5670 5669 211 4723 1684 1376 110 687 111 2599 131 1168 1379 2806 96 369 241 4455 4468 123 5138 0 5137 1517 4700 404 160 831 280 1932 1929 179 8785 915 43 1995 
196
a 1047 2330 1293 161 303 1126 541 1106 5008 3088 1469 221 5672 5671 5670 5669 211 4723 1684 1376 110 687 111 2599 131 1168 1379 2806 96 369 241 4455 4468 123 5138 0 5137 1517 4700 404 160 831 5508 1932 1929 179 8785 69 43 1995 
197
a 280 4107 4106 161 303 1126 541 1106 5008 3088 1469 221 5672 5671 5670 5669 211 4723 1684 1376 110 687 111 2599 131 1168 1379 2806 96 369 241 4455 4468 123 5138 0 5137 1517 4700 404 160 831 5508 1932 1929 179 8785 69 43 1995 
198
a 1047 2330 1293 161 303 1126 541 1106 5008 3088 1469 221 5672 5671 5670 5669 211 4723 1684 1376 110 687 111 2599 131 1168 1379 2806 96 369 241 4455 4468 123 5138 0 5137 1517 4700 404 160 831 5508 1932 1929 179 8785 915 43 1995 
199
a 280 4107 4106 161 303 1126 541 1106 5008 3088 1469 221 5672 5671 5670 5669 211 4723 1684 1376 110 687 111 2599 131 1168 1379 2806 96 369 241 4455 4468 123 5138 0 5137 1517 4700 404 160 831 5508 1932 1929 179 8785 915 43 1995 
200
a 937 2330 1293 161 303 1126 541 1106 5008 3088 1469 221 5672 5671 5670 5669 211 4723 1684 1376 110 687 111 1047 131 1168 1379 2806 96 369 241 4455 4468 123 5138 0 5137 1517 4700 404 160 831 280 1932 1929 179 8785 69 43 1995 
201
a 30 4107 4106 161 303 1126 541 1106 5008 3088 1469 221 5672 5671 5670 5669 211 4723 1684 1376 110 687 111 1047 131 1168 1379 2806 96 369 241 4455 4468 123 5138 0 5137 1517 4700 404 160 831 280 1932 1929 179 8785 69 43 1995 
202
a 937 2330 1293 161 303 1126 541 1106 5008 3088 1469 221 5672 5671 5670 5669 211 4723 1684 1376 110 687 111 1047 131 1168 1379 2806 96 369 241 4455 4468 123 5138 0 5137 1517 4700 404 160 831 280 1932 1929 179 8785 915 43 1995 
203
a 30 4107 4106 161 303 1126 541 1106 5008 3088 1469 221 5672 5671 5670 5669 211 4723 1684 1376 110 687 111 1047 131 1168 1379 2806 96 369 241 4455 4468 123 5138 0 5137 1517 4700 404 160 831 280 1932 1929 179 8785 915 43 1995 
204
a 937 2330 1293 161 303 1126 541 1106 5008 3088 1469 221 5672 5671 5670 5669 211 4723 1684 1376 110 687 111 1047 131 1168 1379 2806 96 369 241 4455 4468 123 5138 0 5137 1517 4700 404 160 831 5508 1932 1929 179 8785 69 43 1995 
205
a 280 4107 4106 161 303 1126 541 1106 5008 3088 1469 221 5672 5671 5670 5669 211 4723 1684 1376 110 687 111 1047 131 1168 1379 2806 96 369 241 4455 4468 123 5138 0 5137 1517 4700 404 160 831 5508 1932 1929 179 8785 69 43 1995 
206
a 937 2330 1293 161 303 1126 541 1106 5008 3088 1469 221 5672 5671 5670 5669 211 4723 1684 1376 110 687 111 1047 131 1168 1379 2806 96 369 241 4455 4468 123 5138 0 5137 1517 4700 404 160 831 5508 1932 1929 179 8785 915 43 1995 
207
a 280 4107 4106 161 303 1126 541 1106 5008 3088 1469 221 5672 5671 5670 5669 211 4723 1684 1376 110 687 111 1047 131 1168 1379 2806 96 369 241 4455 4468 123 5138 0 5137 1517 4700 404 160 831 5508 1932 1929 179 8785 915 43 1995 
208
a 1047 2330 1293 161 303 1126 541 1106 5008 3088 1469 221 5672 5671 5670 5669 211 4723 1684 1376 110 687 111 760 131 1168 1379 2806 96 369 241 4455 4468 123 5138 0 5137 1517 4700 404 160 831 280 1932 1929 179 8785 69 43 1995 
209
a 30 4107 4106 161 303 1126 541 1106 5008 3088 1469 221 5672 5671 5670 5669 211 4723 1684 1376 110 687 111 760 131 1168 1379 2806 96 369 241 4455 4468 123 5138 0 5137 1517 4700 404 160 831 280 1932 1929 179 8785 69 43 1995 
210
a 1047 2330 1293 161 303 1126 541 1106 5008 3088 1469 221 5672 5671 5670 5669 211 4723 1684 1376 110 687 111 760 131 1168 1379 2806 96 369 241 4455 4468 123 5138 0 5137 1517 4700 404 160 831 280 1932 1929 179 8785 915 43 1995 
211
a 30 4107 4106 161 303 1126 541 1106 5008 3088 1469 221 5672 5671 5670 5669 211 4723 1684 1376 110 687 111 760 131 1168 1379 2806 96 369 241 4455 4468 123 5138 0 5137 1517 4700 404 160 831 280 1932 1929 179 8785 915 43 1995 
212
a 1047 2330 1293 161 303 1126 541 1106 5008 3088 1469 221 5672 5671 5670 5669 211 4723 1684 1376 110 687 111 760 131 1168 1379 2806 96 369 241 4455 4468 123 5138 0 5137 1517 4700 404 160 831 5508 1932 1929 179 8785 69 43 1995 
213
a 280 4107 4106 161 303 1126 541 1106 5008 3088 1469 221 5672 5671 5670 5669 211 4723 1684 1376 110 687 111 760 131 1168 1379 2806 96 369 241 4455 4468 123 5138 0 5137 1517 4700 404 160 831 5508 1932 1929 179 8785 69 43 1995 
214
a 1047 2330 1293 161 303 1126 541 1106 5008 3088 1469 221 5672 5671 5670 5669 211 4723 1684 1376 110 687 111 760 131 1168 1379 2806 96 369 241 4455 4468 123 5138 0 5137 1517 4700 404 160 831 5508 1932 1929 179 8785 915 43 1995 
215
a 280 4107 4106 161 303 1126 541 1106 5008 3088 1469 221 5672 5671 5670 5669 211 4723 1684 1376 110 687 111 760 131 1168 1379 2806 96 369 241 4455 4468 123 5138 0 5137 1517 4700 404 160 831 5508 1932 1929 179 8785 915 43 1995 
216
a 30 4107 4106 1468 303 1126 541 1106 5008 3088 1469 221 5672 5671 5670 5669 211 4723 1684 1376 110 687 266 86 131 1168 1379 2806 2805 684 685 4455 4468 123 5138 0 5137 1517 4700 404 160 831 280 1932 1929 179 8785 69 43 1995 
217
a 30 4107 4106 1468 303 1126 541 1106 5008 3088 1469 221 5672 5671 5670 5669 211 4723 1684 1376 110 687 266 86 131 1168 1379 2806 2805 684 685 4455 4468 123 5138 0 5137 1517 4700 404 160 831 280 1932 1929 179 8785 915 43 1995 
218
a 280 4107 4106 1468 303 1126 541 1106 5008 3088 1469 221 5672 5671 5670 5669 211 4723 1684 1376 110 687 266 86 131 1168 1379 2806 2805 684 685 4455 4468 123 5138 0 5137 1517 4700 404 160 831 5508 1932 1929 179 8785 69 43 1995 
219
a 280 4107 4106 1468 303 1126 541 1106 5008 3088 1469 221 5672 5671 5670 5669 211 4723 1684 1376 110 687 266 86 131 1168 1379 2806 2805 684 685 4455 4468 123 5138 0 5137 1517 4700 404 160 831 5508 1932 1929 179 8785 915 43 1995 
220
a 30 4107 4106 1468 303 1126 541 1106 5008 3088 1469 221 5672 5671 5670 5669 211 4723 1684 1376 110 687 266 2599 131 1168 1379 2806 2805 684 685 4455 4468 123 5138 0 5137 1517 4700 404 160 831 280 1932 1929 179 8785 69 43 1995 
221
a 30 4107 4106 1468 303 1126 541 1106 5008 3088 1469 221 5672 5671 5670 5669 211 4723 1684 1376 110 687 266 2599 131 1168 1379 2806 2805 684 685 4455 4468 123 5138 0 5137 1517 4700 404 160 831 280 1932 1929 179 8785 915 43 1995 
222
a 280 4107 4106 1468 303 1126 541 1106 5008 3088 1469 221 5672 5671 5670 5669 211 4723 1684 1376 110 687 266 2599 131 1168 1379 2806 2805 684 685 4455 4468 123 5138 0 5137 1517 4700 404 160 831 5508 1932 1929 179 8785 69 43 1995 
223
a 280 4107 4106 1468 303 1126 541 1106 5008 3088 1469 221 5672 5671 5670 5669 211 4723 1684 1376 110 687 266 2599 131 1168 1379 2806 2805 684 685 4455 4468 123 5138 0 5137 1517 4700 404 160 831 5508 1932 1929 179 8785 915 43 1995 
224
a 30 4107 4106 1468 303 1126 541 1106 5008 3088 1469 221 5672 5671 5670 5669 211 4723 1684 1376 110 687 266 2595 131 1168 1379 2806 2805 684 685 4455 4468 123 5138 0 5137 1517 4700 404 160 831 280 1932 1929 179 8785 69 43 1995 
225
a 30 4107 4106 1468 303 1126 541 1106 5008 3088 1469 221 5672 5671 5670 5669 211 4723 1684 1376 110 687 266 2595 131 1168 1379 2806 2805 684 685 4455 4468 123 5138 0 5137 1517 4700 404 160 831 280 1932 1929 179 8785 915 43 1995 
226
a 280 4107 4106 1468 303 1126 541 1106 5008 3088 1469 221 5672 5671 5670 5669 211 4723 1684 1376 110 687 266 2595 131 1168 1379 2806 2805 684 685 4455 4468 123 5138 0 5137 1517 4700 404 160 831 5508 1932 1929 179 8785 69 43 1995 
227
a 280 4107 4106 1468 303 1126 541 1106 5008 3088 1469 221 5672 5671 5670 5669 211 4723 1684 1376 110 687 266 2595 131 1168 1379 2806 2805 684 685 4455 4468 123 5138 0 5137 1517 4700 404 160 831 5508 1932 1929 179 8785 915 43 1995 
228
a 30 4107 4106 1468 303 1126 541 1106 5008 3088 1469 221 5672 5671 5670 5669 211 4723 1684 1376 110 687 266 1047 131 1168 1379 2806 2805 684 685 4455 4468 123 5138 0 5137 1517 4700 404 160 831 280 1932 1929 179 8785 69 43 1995 
229
a 30 4107 4106 1468 303 1126 541 1106 5008 3088 1469 221 5672 5671 5670 5669 211 4723 1684 1376 110 687 266 1047 131 1168 1379 2806 2805 684 685 4455 4468 123 5138 0 5137 1517 4700 404 160 831 280 1932 1929 179 8785 915 43 1995 
230
a 280 4107 4106 1468 303 1126 541 1106 5008 3088 1469 221 5672 5671 5670 5669 211 4723 1684 1376 110 687 266 1047 131 1168 1379 2806 2805 684 685 4455 4468 123 5138 0 5137 1517 4700 404 160 831 5508 1932 1929 179 8785 69 43 1995 
231
a 280 4107 4106 1468 303 1126 541 1106 5008 3088 1469 221 5672 5671 5670 5669 211 4723 1684 1376 110 687 266 1047 131 1168 1379 2806 2805 684 685 4455 4468 123 5138 0 5137 1517 4700 404 160 831 5508 1932 1929 179 8785 915 43 1995 
232
a 30 4107 4106 1468 303 1126 541 1106 5008 3088 1469 221 5672 5671 5670 5669 211 4723 1684 1376 110 687 266 937 131 1168 1379 2806 2805 684 685 4455 4468 123 5138 0 5137 1517 4700 404 160 831 280 1932 1929 179 8785 69 43 1995 
233
a 30 4107 4106 1468 303 1126 541 1106 5008 3088 1469 221 5672 5671 5670 5669 211 4723 1684 1376 110 687 266 937 131 1168 1379 2806 2805 684 685 4455 4468 123 5138 0 5137 1517 4700 404 160 831 280 1932 1929 179 8785 915 43 1995 
234
a 280 4107 4106 1468 303 1126 541 1106 5008 3088 1469 221 5672 5671 5670 5669 211 4723 1684 1376 110 687 266 937 131 1168 1379 2806 2805 684 685 4455 4468 123 5138 0 5137 1517 4700 404 160 831 5508 1932 1929 179 8785 69 43 1995 
235
a 280 4107 4106 1468 303 1126 541 1106 5008 3088 1469 221 5672 5671 5670 5669 211 4723 1684 1376 110 687 266 937 131 1168 1379 2806 2805 684 685 4455 4468 123 5138 0 5137 1517 4700 404 160 831 5508 1932 1929 179 8785 915 43 1995 
236
a 30 4107 4106 1468 303 1126 541 1106 5008 3088 1469 221 5672 5671 5670 5669 211 4723 1684 1376 110 687 111 730 131 1168 1379 2806 2805 684 685 4455 4468 123 5138 0 5137 1517 4700 404 160 831 280 1932 1929 179 8785 69 43 1995 
237
a 30 4107 4106 1468 303 1126 541 1106 5008 3088 1469 221 5672 5671 5670 5669 211 4723 1684 1376 110 687 111 730 131 1168 1379 2806 2805 684 685 4455 4468 123 5138 0 5137 1517 4700 404 160 831 280 1932 1929 179 8785 915 43 1995 
238
a 280 4107 4106 1468 303 1126 541 1106 5008 3088 1469 221 5672 5671 5670 5669 211 4723 1684 1376 110 687 111 730 131 1168 1379 2806 2805 684 685 4455 4468 123 5138 0 5137 1517 4700 404 160 831 5508 1932 1929 179 8785 69 43 1995 
239
a 280 4107 4106 1468 303 1126 541 1106 5008 3088 1469 221 5672 5671 5670 5669 211 4723 1684 1376 110 687 111 730 131 1168 1379 2806 2805 684 685 4455 4468 123 5138 0 5137 1517 4700 404 160 831 5508 1932 1929 179 8785 915 43 1995 
240
a 30 4107 4106 1468 303 1126 541 1106 5008 3088 1469 221 5672 5671 5670 5669 211 4723 1684 1376 110 687 111 2599 131 1168 1379 2806 2805 684 685 4455 4468 123 5138 0 5137 1517 4700 404 160 831 280 1932 1929 179 8785 69 43 1995 
241
a 30 4107 4106 1468 303 1126 541 1106 5008 3088 1469 221 5672 5671 5670 5669 211 4723 1684 1376 110 687 111 2599 131 1168 1379 2806 2805 684 685 4455 4468 123 5138 0 5137 1517 4700 404 160 831 280 1932 1929 179 8785 915 43 1995 
242
a 280 4107 4106 1468 303 1126 541 1106 5008 3088 1469 221 5672 5671 5670 5669 211 4723 1684 1376 110 687 111 2599 131 1168 1379 2806 2805 684 685 4455 4468 123 5138 0 5137 1517 4700 404 160 831 5508 1932 1929 179 8785 69 43 1995 
243
a 280 4107 4106 1468 303 1126 541 1106 5008 3088 1469 221 5672 5671 5670 5669 211 4723 1684 1376 110 687 111 2599 131 1168 1379 2806 2805 684 685 4455 4468 123 5138 0 5137 1517 4700 404 160 831 5508 1932 1929 179 8785 915 43 1995 
244
a 30 4107 4106 1468 303 1126 541 1106 5008 3088 1469 221 5672 5671 5670 5669 211 4723 1684 1376 110 687 111 1047 131 1168 1379 2806 2805 684 685 4455 4468 123 5138 0 5137 1517 4700 404 160 831 280 1932 1929 179 8785 69 43 1995 
245
a 30 4107 4106 1468 303 1126 541 1106 5008 3088 1469 221 5672 5671 5670 5669 211 4723 1684 1376 110 687 111 1047 131 1168 1379 2806 2805 684 685 4455 4468 123 5138 0 5137 1517 4700 404 160 831 280 1932 1929 179 8785 915 43 1995 
246
a 280 4107 4106 1468 303 1126 541 1106 5008 3088 1469 221 5672 5671 5670 5669 211 4723 1684 1376 110 687 111 1047 131 1168 1379 2806 2805 684 685 4455 4468 123 5138 0 5137 1517 4700 404 160 831 5508 1932 1929 179 8785 69 43 1995 
247
a 280 4107 4106 1468 303 1126 541 1106 5008 3088 1469 221 5672 5671 5670 5669 211 4723 1684 1376 110 687 111 1047 131 1168 1379 2806 2805 684 685 4455 4468 123 5138 0 5137 1517 4700 404 160 831 5508 1932 1929 179 8785 915 43 1995 
248
a 30 4107 4106 1468 303 1126 541 1106 5008 3088 1469 221 5672 5671 5670 5669 211 4723 1684 1376 110 687 111 760 131 1168 1379 2806 2805 684 685 4455 4468 123 5138 0 5137 1517 4700 404 160 831 280 1932 1929 179 8785 69 43 1995 
249
a 30 4107 4106 1468 303 1126 541 1106 5008 3088 1469 221 5672 5671 5670 5669 211 4723 1684 1376 110 687 111 760 131 1168 1379 2806 2805 684 685 4455 4468 123 5138 0 5137 1517 4700 404 160 831 280 1932 1929 179 8785 915 43 1995 
250
a 280 4107 4106 1468 303 1126 541 1106 5008 3088 1469 221 5672 5671 5670 5669 211 4723 1684 1376 110 687 111 760 131 1168 1379 2806 2805 684 685 4455 4468 123 5138 0 5137 1517 4700 404 160 831 5508 1932 1929 179 8785 69 43 1995 
251
a 280 4107 4106 1468 303 1126 541 1106 5008 3088 1469 221 5672 5671 5670 5669 211 4723 1684 1376 110 687 111 760 131 1168 1379 2806 2805 684 685 4455 4468 123 5138 0 5137 1517 4700 404 160 831 5508 1932 1929 179 8785 915 43 1995 
252
a 30 4107 4106 1468 303 1126 541 1106 5008 3088 1469 221 5672 5671 5670 5669 211 4723 1684 1376 110 687 266 86 131 1168 1379 2806 96 5403 241 4455 4468 123 5138 0 5137 1517 4700 404 160 831 280 1932 1929 179 8785 69 43 1995 
253
a 30 4107 4106 1468 303 1126 541 1106 5008 3088 1469 221 5672 5671 5670 5669 211 4723 1684 1376 110 687 266 86 131 1168 1379 2806 96 5403 241 4455 4468 123 5138 0 5137 1517 4700 404 160 831 280 1932 1929 179 8785 915 43 1995 
254
a 280 4107 4106 1468 303 1126 541 1106 5008 3088 1469 221 5672 5671 5670 5669 211 4723 1684 1376 110 687 266 86 131 1168 1379 2806 96 5403 241 4455 4468 123 5138 0 5137 1517 4700 404 160 831 5508 1932 1929 179 8785 69 43 1995 
255
a 280 4107 4106 1468 303 1126 541 1106 5008 3088 1469 221 5672 5671 5670 5669 211 4723 1684 1376 110 687 266 86 131 1168 1379 2806 96 5403 241 4455 4468 123 5138 0 5137 1517 4700 404 160 831 5508 1932 1929 179 8785 915 43 1995 
256
a 30 4107 4106 1468 303 1126 541 1106 5008 3088 1469 221 5672 5671 5670 5669 211 4723 1684 1376 110 687 266 2599 131 1168 1379 2806 96 5403 241 4455 4468 123 5138 0 5137 1517 4700 404 160 831 280 1932 1929 179 8785 69 43 1995 
257
a 30 4107 4106 1468 303 1126 541 1106 5008 3088 1469 221 5672 5671 5670 5669 211 4723 1684 1376 110 687 266 2599 131 1168 1379 2806 96 5403 241 4455 4468 123 5138 0 5137 1517 4700 404 160 831 280 1932 1929 179 8785 915 43 1995 
258
a 280 4107 4106 1468 303 1126 541 1106 5008 3088 1469 221 5672 5671 5670 5669 211 4723 1684 1376 110 687 266 2599 131 1168 1379 2806 96 5403 241 4455 4468 123 5138 0 5137 1517 4700 404 160 831 5508 1932 1929 179 8785 69 43 1995 
259
a 280 4107 4106 1468 303 1126 541 1106 5008 3088 1469 221 5672 5671 5670 5669 211 4723 1684 1376 110 687 266 2599 131 1168 1379 2806 96 5403 241 4455 4468 123 5138 0 5137 1517 4700 404 160 831 5508 1932 1929 179 8785 915 43 1995 
260
a 30 4107 4106 1468 303 1126 541 1106 5008 3088 1469 221 5672 5671 5670 5669 211 4723 1684 1376 110 687 266 2595 131 1168 1379 2806 96 5403 241 4455 4468 123 5138 0 5137 1517 4700 404 160 831 280 1932 1929 179 8785 69 43 1995 
261
a 30 4107 4106 1468 303 1126 541 1106 5008 3088 1469 221 5672 5671 5670 5669 211 4723 1684 1376 110 687 266 2595 131 1168 1379 2806 96 5403 241 4455 4468 123 5138 0 5137 1517 4700 404 160 831 280 1932 1929 179 8785 915 43 1995 
262
a 280 4107 4106 1468 303 1126 541 1106 5008 3088 1469 221 5672 5671 5670 5669 211 4723 1684 1376 110 687 266 2595 131 1168 1379 2806 96 5403 241 4455 4468 123 5138 0 5137 1517 4700 404 160 831 5508 1932 1929 179 8785 69 43 1995 
263
a 280 4107 4106 1468 303 1126 541 1106 5008 3088 1469 221 5672 5671 5670 5669 211 4723 1684 1376 110 687 266 2595 131 1168 1379 2806 96 5403 241 4455 4468 123 5138 0 5137 1517 4700 404 160 831 5508 1932 1929 179 8785 915 43 1995 
264
a 30 4107 4106 1468 303 1126 541 1106 5008 3088 1469 221 5672 5671 5670 5669 211 4723 1684 1376 110 687 266 1047 131 1168 1379 2806 96 5403 241 4455 4468 123 5138 0 5137 1517 4700 404 160 831 280 1932 1929 179 8785 69 43 1995 
265
a 30 4107 4106 1468 303 1126 541 1106 5008 3088 1469 221 5672 5671 5670 5669 211 4723 1684 1376 110 687 266 1047 131 1168 1379 2806 96 5403 241 4455 4468 123 5138 0 5137 1517 4700 404 160 831 280 1932 1929 179 8785 915 43 1995 
266
a 280 4107 4106 1468 303 1126 541 1106 5008 3088 1469 221 5672 5671 5670 5669 211 4723 1684 1376 110 687 266 1047 131 1168 1379 2806 96 5403 241 4455 4468 123 5138 0 5137 1517 4700 404 160 831 5508 1932 1929 179 8785 69 43 1995 
267
a 280 4107 4106 1468 303 1126 541 1106 5008 3088 1469 221 5672 5671 5670 5669 211 4723 1684 1376 110 687 266 1047 131 1168 1379 2806 96 5403 241 4455 4468 123 5138 0 5137 1517 4700 404 160 831 5508 1932 1929 179 8785 915 43 1995 
268
a 30 4107 4106 1468 303 1126 541 1106 5008 3088 1469 221 5672 5671 5670 5669 211 4723 1684 1376 110 687 266 937 131 1168 1379 2806 96 5403 241 4455 4468 123 5138 0 5137 1517 4700 404 160 831 280 1932 1929 179 8785 69 43 1995 
269
a 30 4107 4106 1468 303 1126 541 1106 5008 3088 1469 221 5672 5671 5670 5669 211 4723 1684 1376 110 687 266 937 131 1168 1379 2806 96 5403 241 4455 4468 123 5138 0 5137 1517 4700 404 160 831 280 1932 1929 179 8785 915 43 1995 
270
a 280 4107 4106 1468 303 1126 541 1106 5008 3088 1469 221 5672 5671 5670 5669 211 4723 1684 1376 110 687 266 937 131 1168 1379 2806 96 5403 241 4455 4468 123 5138 0 5137 1517 4700 404 160 831 5508 1932 1929 179 8785 69 43 1995 
271
a 280 4107 4106 1468 303 1126 541 1106 5008 3088 1469 221 5672 5671 5670 5669 211 4723 1684 1376 110 687 266 937 131 1168 1379 2806 96 5403 241 4455 4468 123 5138 0 5137 1517 4700 404 160 831 5508 1932 1929 179 8785 915 43 1995 
272
a 30 4107 4106 1468 303 1126 541 1106 5008 3088 1469 221 5672 5671 5670 5669 211 4723 1684 1376 110 687 111 730 131 1168 1379 2806 96 5403 241 4455 4468 123 5138 0 5137 1517 4700 404 160 831 280 1932 1929 179 8785 69 43 1995 
273
a 30 4107 4106 1468 303 1126 541 1106 5008 3088 1469 221 5672 5671 5670 5669 211 4723 1684 1376 110 687 111 730 131 1168 1379 2806 96 5403 241 4455 4468 123 5138 0 5137 1517 4700 404 160 831 280 1932 1929 179 8785 915 43 1995 
274
a 280 4107 4106 1468 303 1126 541 1106 5008 3088 1469 221 5672 5671 5670 5669 211 4723 1684 1376 110 687 111 730 131 1168 1379 2806 96 5403 241 4455 4468 123 5138 0 5137 1517 4700 404 160 831 5508 1932 1929 179 8785 69 43 1995 
275
a 280 4107 4106 1468 303 1126 541 1106 5008 3088 1469 221 5672 5671 5670 5669 211 4723 1684 1376 110 687 111 730 131 1168 1379 2806 96 5403 241 4455 4468 123 5138 0 5137 1517 4700 404 160 831 5508 1932 1929 179 8785 915 43 1995 
276
a 30 4107 4106 1468 303 1126 541 1106 5008 3088 1469 221 5672 5671 5670 5669 211 4723 1684 1376 110 687 111 2599 131 1168 1379 2806 96 5403 241 4455 4468 123 5138 0 5137 1517 4700 404 160 831 280 1932 1929 179 8785 69 43 1995 
277
a 30 4107 4106 1468 303 1126 541 1106 5008 3088 1469 221 5672 5671 5670 5669 211 4723 1684 1376 110 687 111 2599 131 1168 1379 2806 96 5403 241 4455 4468 123 5138 0 5137 1517 4700 404 160 831 280 1932 1929 179 8785 915 43 1995 
278
a 280 4107 4106 1468 303 1126 541 1106 5008 3088 1469 221 5672 5671 5670 5669 211 4723 1684 1376 110 687 111 2599 131 1168 1379 2806 96 5403 241 4455 4468 123 5138 0 5137 1517 4700 404 160 831 5508 1932 1929 179 8785 69 43 1995 
279
a 280 4107 4106 1468 303 1126 541 1106 5008 3088 1469 221 5672 5671 5670 5669 211 4723 1684 1376 110 687 111 2599 131 1168 1379 2806 96 5403 241 4455 4468 123 5138 0 5137 1517 4700 404 160 831 5508 1932 1929 179 8785 915 43 1995 
280
a 30 4107 4106 1468 303 1126 541 1106 5008 3088 1469 221 5672 5671 5670 5669 211 4723 1684 1376 110 687 111 1047 131 1168 1379 2806 96 5403 241 4455 4468 123 5138 0 5137 1517 4700 404 160 831 280 1932 1929 179 8785 69 43 1995 
281
a 30 4107 4106 1468 303 1126 541 1106 5008 3088 1469 221 5672 5671 5670 5669 211 4723 1684 1376 110 687 111 1047 131 1168 1379 2806 96 5403 241 4455 4468 123 5138 0 5137 1517 4700 404 160 831 280 1932 1929 179 8785 915 43 1995 
282
a 280 4107 4106 1468 303 1126 541 1106 5008 3088 1469 221 5672 5671 5670 5669 211 4723 1684 1376 110 687 111 1047 131 1168 1379 2806 96 5403 241 4455 4468 123 5138 0 5137 1517 4700 404 160 831 5508 1932 1929 179 8785 69 43 1995 
283
a 280 4107 4106 1468 303 1126 541 1106 5008 3088 1469 221 5672 5671 5670 5669 211 4723 1684 1376 110 687 111 1047 131 1168 1379 2806 96 5403 241 4455 4468 123 5138 0 5137 1517 4700 404 160 831 5508 1932 1929 179 8785 915 43 1995 
284
a 30 4107 4106 1468 303 1126 541 1106 5008 3088 1469 221 5672 5671 5670 5669 211 4723 1684 1376 110 687 111 760 131 1168 1379 2806 96 5403 241 4455 4468 123 5138 0 5137 1517 4700 404 160 831 280 1932 1929 179 8785 69 43 1995 
285
a 30 4107 4106 1468 303 1126 541 1106 5008 3088 1469 221 5672 5671 5670 5669 211 4723 1684 1376 110 687 111 760 131 1168 1379 2806 96 5403 241 4455 4468 123 5138 0 5137 1517 4700 404 160 831 280 1932 1929 179 8785 915 43 1995 
286
a 280 4107 4106 1468 303 1126 541 1106 5008 3088 1469 221 5672 5671 5670 5669 211 4723 1684 1376 110 687 111 760 131 1168 1379 2806 96 5403 241 4455 4468 123 5138 0 5137 1517 4700 404 160 831 5508 1932 1929 179 8785 69 43 1995 
287
a 280 4107 4106 1468 303 1126 541 1106 5008 3088 1469 221 5672 5671 5670 5669 211 4723 1684 1376 110 687 111 760 131 1168 1379 2806 96 5403 241 4455 4468 123 5138 0 5137 1517 4700 404 160 831 5508 1932 1929 179 8785 915 43 1995 
288
a 30 4107 4106 1468 303 1126 541 1106 5008 3088 1469 221 5672 5671 5670 5669 211 4723 1684 1376 110 687 266 86 131 1168 1379 2806 96 369 241 4455 4468 123 5138 0 5137 1517 4700 404 160 831 280 1932 1929 179 8785 69 43 1995 
289
a 30 4107 4106 1468 303 1126 541 1106 5008 3088 1469 221 5672 5671 5670 5669 211 4723 1684 1376 110 687 266 86 131 1168 1379 2806 96 369 241 4455 4468 123 5138 0 5137 1517 4700 404 160 831 280 1932 1929 179 8785 915 43 1995 
290
a 280 4107 4106 1468 303 1126 541 1106 5008 3088 1469 221 5672 5671 5670 5669 211 4723 1684 1376 110 687 266 86 131 1168 1379 2806 96 369 241 4455 4468 123 5138 0 5137 1517 4700 404 160 831 5508 1932 1929 179 8785 69 43 1995 
291
a 280 4107 4106 1468 303 1126 541 1106 5008 3088 1469 221 5672 5671 5670 5669 211 4723 1684 1376 110 687 266 86 131 1168 1379 2806 96 369 241 4455 4468 123 5138 0 5137 1517 4700 404 160 831 5508 1932 1929 179 8785 915 43 1995 
292
a 30 4107 4106 1468 303 1126 541 1106 5008 3088 1469 221 5672 5671 5670 5669 211 4723 1684 1376 110 687 266 2599 131 1168 1379 2806 96 369 241 4455 4468 123 5138 0 5137 1517 4700 404 160 831 280 1932 1929 179 8785 69 43 1995 
293
a 30 4107 4106 1468 303 1126 541 1106 5008 3088 1469 221 5672 5671 5670 5669 211 4723 1684 1376 110 687 266 2599 131 1168 1379 2806 96 369 241 4455 4468 123 5138 0 5137 1517 4700 404 160 831 280 1932 1929 179 8785 915 43 1995 
294
a 280 4107 4106 1468 303 1126 541 1106 5008 3088 1469 221 5672 5671 5670 5669 211 4723 1684 1376 110 687 266 2599 131 1168 1379 2806 96 369 241 4455 4468 123 5138 0 5137 1517 4700 404 160 831 5508 1932 1929 179 8785 69 43 1995 
295
a 280 4107 4106 1468 303 1126 541 1106 5008 3088 1469 221 5672 5671 5670 5669 211 4723 1684 1376 110 687 266 2599 131 1168 1379 2806 96 369 241 4455 4468 123 5138 0 5137 1517 4700 404 160 831 5508 1932 1929 179 8785 915 43 1995 
296
a 30 4107 4106 1468 303 1126 541 1106 5008 3088 1469 221 5672 5671 5670 5669 211 4723 1684 1376 110 687 266 2595 131 1168 1379 2806 96 369 241 4455 4468 123 5138 0 5137 1517 4700 404 160 831 280 1932 1929 179 8785 69 43 1995 
297
a 30 4107 4106 1468 303 1126 541 1106 5008 3088 1469 221 5672 5671 5670 5669 211 4723 1684 1376 110 687 266 2595 131 1168 1379 2806 96 369 241 4455 4468 123 5138 0 5137 1517 4700 404 160 831 280 1932 1929 179 8785 915 43 1995 
298
a 280 4107 4106 1468 303 1126 541 1106 5008 3088 1469 221 5672 5671 5670 5669 211 4723 1684 1376 110 687 266 2595 131 1168 1379 2806 96 369 241 4455 4468 123 5138 0 5137 1517 4700 404 160 831 5508 1932 1929 179 8785 69 43 1995 
299
a 280 4107 4106 1468 303 1126 541 1106 5008 3088 1469 221 5672 5671 5670 5669 211 4723 1684 1376 110 687 266 2595 131 1168 1379 2806 96 369 241 4455 4468 123 5138 0 5137 1517 4700 404 160 831 5508 1932 1929 179 8785 915 43 1995 
300
a 30 4107 4106 1468 303 1126 541 1106 5008 3088 1469 221 5672 5671 5670 5669 211 4723 1684 1376 110 687 266 1047 131 1168 1379 2806 96 369 241 4455 4468 123 5138 0 5137 1517 4700 404 160 831 280 1932 1929 179 8785 69 43 1995 
301
a 30 4107 4106 1468 303 1126 541 1106 5008 3088 1469 221 5672 5671 5670 5669 211 4723 1684 1376 110 687 266 1047 131 1168 1379 2806 96 369 241 4455 4468 123 5138 0 5137 1517 4700 404 160 831 280 1932 1929 179 8785 915 43 1995 
302
a 280 4107 4106 1468 303 1126 541 1106 5008 3088 1469 221 5672 5671 5670 5669 211 4723 1684 1376 110 687 266 1047 131 1168 1379 2806 96 369 241 4455 4468 123 5138 0 5137 1517 4700 404 160 831 5508 1932 1929 179 8785 69 43 1995 
303
a 280 4107 4106 1468 303 1126 541 1106 5008 3088 1469 221 5672 5671 5670 5669 211 4723 1684 1376 110 687 266 1047 131 1168 1379 2806 96 369 241 4455 4468 123 5138 0 5137 1517 4700 404 160 831 5508 1932 1929 179 8785 915 43 1995 
304
a 30 4107 4106 1468 303 1126 541 1106 5008 3088 1469 221 5672 5671 5670 5669 211 4723 1684 1376 110 687 266 937 131 1168 1379 2806 96 369 241 4455 4468 123 5138 0 5137 1517 4700 404 160 831 280 1932 1929 179 8785 69 43 1995 
305
a 30 4107 4106 1468 303 1126 541 1106 5008 3088 1469 221 5672 5671 5670 5669 211 4723 1684 1376 110 687 266 937 131 1168 1379 2806 96 369 241 4455 4468 123 5138 0 5137 1517 4700 404 160 831 280 1932 1929 179 8785 915 43 1995 
306
a 280 4107 4106 1468 303 1126 541 1106 5008 3088 1469 221 5672 5671 5670 5669 211 4723 1684 1376 110 687 266 937 131 1168 1379 2806 96 369 241 4455 4468 123 5138 0 5137 1517 4700 404 160 831 5508 1932 1929 179 8785 69 43 1995 
307
a 280 4107 4106 1468 303 1126 541 1106 5008 3088 1469 221 5672 5671 5670 5669 211 4723 1684 1376 110 687 266 937 131 1168 1379 2806 96 369 241 4455 4468 123 5138 0 5137 1517 4700 404 160 831 5508 1932 1929 179 8785 915 43 1995 
308
a 30 4107 4106 1468 303 1126 541 1106 5008 3088 1469 221 5672 5671 5670 5669 211 4723 1684 1376 110 687 111 730 131 1168 1379 2806 96 369 241 4455 4468 123 5138 0 5137 1517 4700 404 160 831 280 1932 1929 179 8785 69 43 1995 
309
a 30 4107 4106 1468 303 1126 541 1106 5008 3088 1469 221 5672 5671 5670 5669 211 4723 1684 1376 110 687 111 730 131 1168 1379 2806 96 369 241 4455 4468 123 5138 0 5137 1517 4700 404 160 831 280 1932 1929 179 8785 915 43 1995 
310
a 280 4107 4106 1468 303 1126 541 1106 5008 3088 1469 221 5672 5671 5670 5669 211 4723 1684 1376 110 687 111 730 131 1168 1379 2806 96 369 241 4455 4468 123 5138 0 5137 1517 4700 404 160 831 5508 1932 1929 179 8785 69 43 1995 
311
a 280 4107 4106 1468 303 1126 541 1106 5008 3088 1469 221 5672 5671 5670 5669 211 4723 1684 1376 110 687 111 730 131 1168 1379 2806 96 369 241 4455 4468 123 5138 0 5137 1517 4700 404 160 831 5508 1932 1929 179 8785 915 43 1995 
312
a 30 4107 4106 1468 303 1126 541 1106 5008 3088 1469 221 5672 5671 5670 5669 211 4723 1684 1376 110 687 111 2599 131 1168 1379 2806 96 369 241 4455 4468 123 5138 0 5137 1517 4700 404 160 831 280 1932 1929 179 8785 69 43 1995 
313
a 30 4107 4106 1468 303 1126 541 1106 5008 3088 1469 221 5672 5671 5670 5669 211 4723 1684 1376 110 687 111 2599 131 1168 1379 2806 96 369 241 4455 4468 123 5138 0 5137 1517 4700 404 160 831 280 1932 1929 179 8785 915 43 1995 
314
a 280 4107 4106 1468 303 1126 541 1106 5008 3088 1469 221 5672 5671 5670 5669 211 4723 1684 1376 110 687 111 2599 131 1168 1379 2806 96 369 241 4455 4468 123 5138 0 5137 1517 4700 404 160 831 5508 1932 1929 179 8785 69 43 1995 
315
a 280 4107 4106 1468 303 1126 541 1106 5008 3088 1469 221 5672 5671 5670 5669 211 4723 1684 1376 110 687 111 2599 131 1168 1379 2806 96 369 241 4455 4468 123 5138 0 5137 1517 4700 404 160 831 5508 1932 1929 179 8785 915 43 1995 
316
a 30 4107 4106 1468 303 1126 541 1106 5008 3088 1469 221 5672 5671 5670 5669 211 4723 1684 1376 110 687 111 1047 131 1168 1379 2806 96 369 241 4455 4468 123 5138 0 5137 1517 4700 404 160 831 280 1932 1929 179 8785 69 43 1995 
317
a 30 4107 4106 1468 303 1126 541 1106 5008 3088 1469 221 5672 5671 5670 5669 211 4723 1684 1376 110 687 111 1047 131 1168 1379 2806 96 369 241 4455 4468 123 5138 0 5137 1517 4700 404 160 831 280 1932 1929 179 8785 915 43 1995 
318
a 280 4107 4106 1468 303 1126 541 1106 5008 3088 1469 221 5672 5671 5670 5669 211 4723 1684 1376 110 687 111 1047 131 1168 1379 2806 96 369 241 4455 4468 123 5138 0 5137 1517 4700 404 160 831 5508 1932 1929 179 8785 69 43 1995 
319
a 280 4107 4106 1468 303 1126 541 1106 5008 3088 1469 221 5672 5671 5670 5669 211 4723 1684 1376 110 687 111 1047 131 1168 1379 2806 96 369 241 4455 4468 123 5138 0 5137 1517 4700 404 160 831 5508 1932 1929 179 8785 915 43 1995 
320
a 30 4107 4106 1468 303 1126 541 1106 5008 3088 1469 221 5672 5671 5670 5669 211 4723 1684 1376 110 687 111 760 131 1168 1379 2806 96 369 241 4455 4468 123 5138 0 5137 1517 4700 404 160 831 280 1932 1929 179 8785 69 43 1995 
321
a 30 4107 4106 1468 303 1126 541 1106 5008 3088 1469 221 5672 5671 5670 5669 211 4723 1684 1376 110 687 111 760 131 1168 1379 2806 96 369 241 4455 4468 123 5138 0 5137 1517 4700 404 160 831 280 1932 1929 179 8785 915 43 1995 
322
a 280 4107 4106 1468 303 1126 541 1106 5008 3088 1469 221 5672 5671 5670 5669 211 4723 1684 1376 110 687 111 760 131 1168 1379 2806 96 369 241 4455 4468 123 5138 0 5137 1517 4700 404 160 831 5508 1932 1929 179 8785 69 43 1995 
323
a 280 4107 4106 1468 303 1126 541 1106 5008 3088 1469 221 5672 5671 5670 5669 211 4723 1684 1376 110 687 111 760 131 1168 1379 2806 96 369 241 4455 4468 123 5138 0 5137 1517 4700 404 160 831 5508 1932 1929 179 8785 915 43 1995 
